RUN	gatlingdemostore.DemostoreSimulation	demostoresimulation	1700163920420	 	3.5.0
USER	Default Load Test	START	1700163923246
USER	Default Load Test	START	1700163925237
REQUEST		Load Home Page	1700163925238	1700163926596	OK	 
REQUEST		Load Home Page	1700163923279	1700163926596	OK	 
USER	Default Load Test	START	1700163927231
REQUEST		Load About Us Page	1700163927185	1700163927301	OK	 
REQUEST		Load About Us Page	1700163927185	1700163927304	OK	 
REQUEST		Load Home Page	1700163927232	1700163927576	OK	 
REQUEST		Load Category Page - For Him	1700163927523	1700163927638	OK	 
REQUEST		Load Category Page - Unisex	1700163927557	1700163927682	OK	 
REQUEST		Load Product Page - Casual Black-Blue	1700163927817	1700163927937	OK	 
REQUEST		Load Category Page - All Products	1700163927943	1700163928062	OK	 
REQUEST		Load Product Page - Black and Red Glasses	1700163928065	1700163928179	OK	 
REQUEST		Load Category Page - Unisex	1700163928083	1700163928200	OK	 
REQUEST		Load Category Page - For Her	1700163928181	1700163928296	OK	 
REQUEST		Load Product Page - Black and Red Glasses	1700163928310	1700163928429	OK	 
REQUEST		Load Product Page - Casual Black-Blue	1700163928409	1700163928539	OK	 
REQUEST		Load Category Page - For Him	1700163928433	1700163928551	OK	 
REQUEST		Load Category Page - For Him	1700163928543	1700163928658	OK	 
REQUEST		Load Product Page - Black and Red Glasses	1700163928619	1700163928739	OK	 
REQUEST		Load Product Page - Black and Red Glasses	1700163928708	1700163928826	OK	 
REQUEST		Load Product Page - Casual Black-Blue	1700163928777	1700163928890	OK	 
REQUEST		Load Category Page - For Her	1700163928830	1700163928943	OK	 
REQUEST		Load Category Page - For Her	1700163928894	1700163929004	OK	 
REQUEST		Load Product Page - Black and Red Glasses	1700163929053	1700163929167	OK	 
USER	Default Load Test	START	1700163929231
REQUEST		Load Product Page - Casual Black-Blue	1700163929129	1700163929241	OK	 
REQUEST		Add product to cart	1700163929169	1700163929284	OK	 
REQUEST		Load Product Page - Black and Red Glasses	1700163929237	1700163929344	OK	 
REQUEST		Load Category Page - Unisex	1700163929243	1700163929360	OK	 
REQUEST		Load Home Page	1700163929285	1700163929403	OK	 
REQUEST		Load Category Page - For Her	1700163929347	1700163929456	OK	 
REQUEST		Load Home Page	1700163929231	1700163929565	OK	 
REQUEST		Load Product Page - Black and Red Glasses	1700163929723	1700163929831	OK	 
REQUEST		Load Product Page - Casual Black-Blue	1700163929779	1700163929892	OK	 
REQUEST		Load Home Page	1700163929832	1700163929941	OK	 
REQUEST		Load About Us Page	1700163929909	1700163930028	OK	 
REQUEST		Load Home Page	1700163929895	1700163930028	OK	 
REQUEST		Load Category Page - For Her	1700163930069	1700163930178	OK	 
REQUEST		Load Category Page - For Him	1700163930165	1700163930276	OK	 
REQUEST		Load Product Page - Casual Black-Blue	1700163930389	1700163930507	OK	 
REQUEST		Load Product Page - Casual Black-Blue	1700163930428	1700163930540	OK	 
REQUEST		Load About Us Page	1700163930445	1700163930555	OK	 
REQUEST		Load Category Page - All Products	1700163930532	1700163930645	OK	 
REQUEST		Load Category Page - Unisex	1700163930542	1700163930653	OK	 
REQUEST		Load Product Page - Casual Black-Blue	1700163930616	1700163930725	OK	 
REQUEST		Add product to cart	1700163930726	1700163930832	OK	 
REQUEST		Load Home Page	1700163930834	1700163930942	OK	 
REQUEST		Load Category Page - For Her	1700163930899	1700163931009	OK	 
REQUEST		Load Product Page - Casual Black-Blue	1700163930960	1700163931071	OK	 
REQUEST		Load Category Page - Unisex	1700163931073	1700163931183	OK	 
REQUEST		Load Product Page - Casual Black-Blue	1700163931112	1700163931223	OK	 
USER	Default Load Test	START	1700163931231
REQUEST		Load Product Page - Casual Black-Blue	1700163931264	1700163931372	OK	 
REQUEST		Load Product Page - Black and Red Glasses	1700163931337	1700163931447	OK	 
REQUEST		Load Category Page - For Her	1700163931376	1700163931486	OK	 
REQUEST		Load About Us Page	1700163931446	1700163931554	OK	 
REQUEST		Load Category Page - For Her	1700163931449	1700163931558	OK	 
REQUEST		Load Home Page	1700163931232	1700163931580	OK	 
REQUEST		Load Product Page - Casual Black-Blue	1700163931532	1700163931644	OK	 
REQUEST		Load Product Page - Casual Black-Blue	1700163931640	1700163931748	OK	 
REQUEST		Add product to cart	1700163931646	1700163931758	OK	 
REQUEST		Load Category Page - For Him	1700163931750	1700163931861	OK	 
REQUEST		Load Home Page	1700163931759	1700163931871	OK	 
REQUEST		Load Category Page - Unisex	1700163931768	1700163931876	OK	 
REQUEST		Load Product Page - Black and Red Glasses	1700163931956	1700163932066	OK	 
REQUEST		Load Category Page - All Products	1700163932068	1700163932178	OK	 
REQUEST		Load About Us Page	1700163932084	1700163932201	OK	 
REQUEST		Load Product Page - Black and Red Glasses	1700163932118	1700163932225	OK	 
REQUEST		Load Product Page - Casual Black-Blue	1700163932194	1700163932301	OK	 
REQUEST		Load Category Page - All Products	1700163932227	1700163932335	OK	 
REQUEST		Load Category Page - Unisex	1700163932303	1700163932411	OK	 
REQUEST		Load Category Page - For Her	1700163932377	1700163932490	OK	 
REQUEST		Load Product Page - Black and Red Glasses	1700163932387	1700163932496	OK	 
REQUEST		Load Category Page - Unisex	1700163932466	1700163932582	OK	 
REQUEST		Load Home Page	1700163932497	1700163932607	OK	 
REQUEST		Load Product Page - Black and Red Glasses	1700163932585	1700163932693	OK	 
REQUEST		Load Category Page - Unisex	1700163932695	1700163932803	OK	 
REQUEST		Load Product Page - Black and Red Glasses	1700163932706	1700163932814	OK	 
REQUEST		Load Product Page - Casual Black-Blue	1700163932738	1700163932854	OK	 
REQUEST		Load Category Page - For Him	1700163932816	1700163932926	OK	 
REQUEST		Load Category Page - For Him	1700163932857	1700163932975	OK	 
REQUEST		Load Product Page - Casual Black-Blue	1700163932958	1700163933070	OK	 
REQUEST		Load About Us Page	1700163933110	1700163933219	OK	 
REQUEST		Load Product Page - Black and Red Glasses	1700163933126	1700163933234	OK	 
REQUEST		Load Product Page - Casual Black-Blue	1700163933180	1700163933290	OK	 
REQUEST		Load Product Page - Black and Red Glasses	1700163933224	1700163933338	OK	 
REQUEST		Load Home Page	1700163933235	1700163933342	OK	 
REQUEST		Load Category Page - For Her	1700163933292	1700163933399	OK	 
REQUEST		Load Category Page - Unisex	1700163933340	1700163933457	OK	 
REQUEST		Load Product Page - Black and Red Glasses	1700163933420	1700163933531	OK	 
REQUEST		Add product to cart	1700163933533	1700163933647	OK	 
REQUEST		Load Product Page - Casual Black-Blue	1700163933587	1700163933694	OK	 
REQUEST		Load Home Page	1700163933648	1700163933761	OK	 
REQUEST		Load Category Page - All Products	1700163933696	1700163933810	OK	 
REQUEST		Load Category Page - Unisex	1700163933694	1700163933810	OK	 
REQUEST		Load Product Page - Black and Red Glasses	1700163933794	1700163933911	OK	 
REQUEST		Load Category Page - All Products	1700163933845	1700163933954	OK	 
REQUEST		Load Category Page - Unisex	1700163933914	1700163934026	OK	 
REQUEST		Load Product Page - Casual Black-Blue	1700163933943	1700163934051	OK	 
REQUEST		Load Home Page	1700163934052	1700163934159	OK	 
REQUEST		Load Product Page - Black and Red Glasses	1700163934132	1700163934243	OK	 
REQUEST		Load Product Page - Black and Red Glasses	1700163934215	1700163934325	OK	 
REQUEST		Load Category Page - Unisex	1700163934245	1700163934356	OK	 
REQUEST		Load About Us Page	1700163934264	1700163934377	OK	 
REQUEST		Load Category Page - Unisex	1700163934326	1700163934437	OK	 
REQUEST		Load Product Page - Casual Black-Blue	1700163934356	1700163934464	OK	 
REQUEST		Load Product Page - Casual Black-Blue	1700163934542	1700163934650	OK	 
REQUEST		Load Category Page - All Products	1700163934605	1700163934721	OK	 
REQUEST		Load Product Page - Casual Black-Blue	1700163934649	1700163934757	OK	 
REQUEST		Load Category Page - All Products	1700163934652	1700163934762	OK	 
REQUEST		Load About Us Page	1700163934661	1700163934768	OK	 
REQUEST		Load Product Page - Casual Black-Blue	1700163934656	1700163934770	OK	 
REQUEST		Add product to cart	1700163934759	1700163934870	OK	 
REQUEST		Load Home Page	1700163934771	1700163934883	OK	 
REQUEST		Load Home Page	1700163934871	1700163934979	OK	 
REQUEST		Load Product Page - Black and Red Glasses	1700163934901	1700163935015	OK	 
REQUEST		Load Category Page - Unisex	1700163934911	1700163935021	OK	 
REQUEST		Load Category Page - For Her	1700163935016	1700163935126	OK	 
REQUEST		Load Product Page - Casual Black-Blue	1700163935174	1700163935317	OK	 
REQUEST		Load Product Page - Casual Black-Blue	1700163935314	1700163935424	OK	 
REQUEST		Load Category Page - All Products	1700163935319	1700163935431	OK	 
REQUEST		Load About Us Page	1700163935386	1700163935497	OK	 
REQUEST		Load Category Page - For Him	1700163935427	1700163935534	OK	 
REQUEST		Load About Us Page	1700163935482	1700163935590	OK	 
REQUEST		Load Product Page - Black and Red Glasses	1700163935546	1700163935655	OK	 
REQUEST		Load Product Page - Casual Black-Blue	1700163935564	1700163935677	OK	 
REQUEST		Load Category Page - Unisex	1700163935657	1700163935766	OK	 
REQUEST		Load Category Page - For Him	1700163935678	1700163935791	OK	 
REQUEST		Load Category Page - All Products	1700163935897	1700163936005	OK	 
REQUEST		Load Category Page - Unisex	1700163935913	1700163936025	OK	 
REQUEST		Load Product Page - Casual Black-Blue	1700163935963	1700163936070	OK	 
REQUEST		Load Category Page - For Him	1700163936072	1700163936183	OK	 
REQUEST		Load Product Page - Black and Red Glasses	1700163936069	1700163936188	OK	 
REQUEST		Load Product Page - Casual Black-Blue	1700163936095	1700163936204	OK	 
REQUEST		Load Product Page - Black and Red Glasses	1700163936120	1700163936228	OK	 
REQUEST		Load Category Page - Unisex	1700163936189	1700163936302	OK	 
REQUEST		Load Home Page	1700163936206	1700163936314	OK	 
REQUEST		Load Category Page - Unisex	1700163936229	1700163936338	OK	 
REQUEST		Load Product Page - Black and Red Glasses	1700163936387	1700163936494	OK	 
REQUEST		Load Product Page - Casual Black-Blue	1700163936387	1700163936501	OK	 
REQUEST		Load Category Page - For Her	1700163936495	1700163936605	OK	 
REQUEST		Load Category Page - For Him	1700163936503	1700163936614	OK	 
REQUEST		Load Product Page - Casual Black-Blue	1700163936622	1700163936730	OK	 
REQUEST		Load Category Page - All Products	1700163936732	1700163936842	OK	 
REQUEST		Load Product Page - Casual Black-Blue	1700163936732	1700163936848	OK	 
REQUEST		Load About Us Page	1700163936818	1700163936928	OK	 
REQUEST		Load Category Page - All Products	1700163936850	1700163936967	OK	 
REQUEST		Load Product Page - Casual Black-Blue	1700163936929	1700163937035	OK	 
REQUEST		Load Product Page - Casual Black-Blue	1700163937005	1700163937116	OK	 
REQUEST		Load Category Page - All Products	1700163937037	1700163937145	OK	 
REQUEST		Load Product Page - Black and Red Glasses	1700163937116	1700163937223	OK	 
REQUEST		Load Category Page - For Him	1700163937118	1700163937233	OK	 
REQUEST		Load Category Page - Unisex	1700163937225	1700163937334	OK	 
REQUEST		Load Category Page - For Him	1700163937382	1700163937492	OK	 
REQUEST		Load Product Page - Casual Black-Blue	1700163937469	1700163937581	OK	 
REQUEST		Load Product Page - Black and Red Glasses	1700163937540	1700163937650	OK	 
REQUEST		Load Product Page - Black and Red Glasses	1700163937582	1700163937689	OK	 
REQUEST		Load Home Page	1700163937583	1700163937695	OK	 
REQUEST		Load Category Page - All Products	1700163937652	1700163937765	OK	 
REQUEST		Load Home Page	1700163937691	1700163937798	OK	 
REQUEST		Load Product Page - Casual Black-Blue	1700163937819	1700163937927	OK	 
REQUEST		Load Product Page - Casual Black-Blue	1700163937862	1700163937973	OK	 
REQUEST		Load Product Page - Casual Black-Blue	1700163937867	1700163937978	OK	 
REQUEST		Load Category Page - Unisex	1700163937929	1700163938038	OK	 
REQUEST		Load Category Page - Unisex	1700163937976	1700163938086	OK	 
REQUEST		Load Category Page - All Products	1700163937979	1700163938091	OK	 
REQUEST		Load Product Page - Black and Red Glasses	1700163938145	1700163938252	OK	 
REQUEST		Load About Us Page	1700163938196	1700163938309	OK	 
REQUEST		Load Product Page - Casual Black-Blue	1700163938240	1700163938349	OK	 
REQUEST		Load Home Page	1700163938253	1700163938360	OK	 
REQUEST		Load About Us Page	1700163938300	1700163938406	OK	 
REQUEST		Load Category Page - Unisex	1700163938350	1700163938461	OK	 
REQUEST		Load Product Page - Casual Black-Blue	1700163938389	1700163938501	OK	 
REQUEST		Load Home Page	1700163938503	1700163938613	OK	 
REQUEST		Load Category Page - All Products	1700163938569	1700163938682	OK	 
REQUEST		Load Product Page - Casual Black-Blue	1700163938705	1700163938814	OK	 
REQUEST		Load Category Page - Unisex	1700163938784	1700163938893	OK	 
REQUEST		Load Category Page - For Him	1700163938815	1700163938930	OK	 
REQUEST		Load About Us Page	1700163938862	1700163938970	OK	 
REQUEST		Load Product Page - Casual Black-Blue	1700163939001	1700163939114	OK	 
REQUEST		Load Product Page - Black and Red Glasses	1700163939060	1700163939168	OK	 
REQUEST		Load Category Page - For Him	1700163939100	1700163939209	OK	 
REQUEST		Load Product Page - Black and Red Glasses	1700163939113	1700163939223	OK	 
REQUEST		Load About Us Page	1700163939115	1700163939227	OK	 
REQUEST		Load Category Page - Unisex	1700163939115	1700163939228	OK	 
REQUEST		Load Category Page - For Her	1700163939169	1700163939277	OK	 
REQUEST		Load Category Page - All Products	1700163939225	1700163939334	OK	 
REQUEST		Load Product Page - Black and Red Glasses	1700163939520	1700163939632	OK	 
REQUEST		Load Product Page - Casual Black-Blue	1700163939581	1700163939690	OK	 
REQUEST		Load Product Page - Casual Black-Blue	1700163939602	1700163939709	OK	 
REQUEST		Load Product Page - Black and Red Glasses	1700163939599	1700163939713	OK	 
REQUEST		Load Category Page - For Him	1700163939634	1700163939748	OK	 
REQUEST		Load Category Page - For Her	1700163939672	1700163939783	OK	 
REQUEST		Load Home Page	1700163939692	1700163939800	OK	 
REQUEST		Load Category Page - Unisex	1700163939714	1700163939827	OK	 
REQUEST		Load Category Page - For Her	1700163939714	1700163939827	OK	 
REQUEST		Load Product Page - Casual Black-Blue	1700163939922	1700163940062	OK	 
REQUEST		Load Category Page - Unisex	1700163940063	1700163940176	OK	 
REQUEST		Load Product Page - Casual Black-Blue	1700163940095	1700163940207	OK	 
REQUEST		Load Category Page - For Him	1700163940209	1700163940322	OK	 
REQUEST		Load Product Page - Casual Black-Blue	1700163940269	1700163940376	OK	 
REQUEST		Load About Us Page	1700163940303	1700163940411	OK	 
REQUEST		Load Product Page - Casual Black-Blue	1700163940327	1700163940435	OK	 
REQUEST		Load Category Page - For Him	1700163940380	1700163940491	OK	 
REQUEST		Load Category Page - All Products	1700163940437	1700163940545	OK	 
REQUEST		Load Product Page - Black and Red Glasses	1700163940605	1700163940717	OK	 
REQUEST		Load Product Page - Black and Red Glasses	1700163940686	1700163940797	OK	 
REQUEST		Load Category Page - Unisex	1700163940719	1700163940830	OK	 
REQUEST		Load Category Page - For Him	1700163940799	1700163940911	OK	 
REQUEST		Load Category Page - For Her	1700163940895	1700163941004	OK	 
REQUEST		Load Product Page - Black and Red Glasses	1700163940924	1700163941031	OK	 
REQUEST		Load Product Page - Black and Red Glasses	1700163940948	1700163941055	OK	 
REQUEST		Load Category Page - All Products	1700163941032	1700163941140	OK	 
REQUEST		Load Category Page - All Products	1700163941057	1700163941165	OK	 
REQUEST		Load Product Page - Black and Red Glasses	1700163941148	1700163941260	OK	 
REQUEST		Load Product Page - Black and Red Glasses	1700163941199	1700163941308	OK	 
REQUEST		Load Product Page - Casual Black-Blue	1700163941224	1700163941334	OK	 
REQUEST		Load Home Page	1700163941261	1700163941374	OK	 
REQUEST		Load Category Page - For Her	1700163941310	1700163941420	OK	 
REQUEST		Load Product Page - Casual Black-Blue	1700163941318	1700163941425	OK	 
REQUEST		Load Product Page - Casual Black-Blue	1700163941327	1700163941434	OK	 
REQUEST		Load Category Page - Unisex	1700163941336	1700163941451	OK	 
REQUEST		Load Home Page	1700163941426	1700163941532	OK	 
REQUEST		Load Category Page - Unisex	1700163941435	1700163941544	OK	 
REQUEST		Load Product Page - Casual Black-Blue	1700163941597	1700163941709	OK	 
REQUEST		Load Category Page - Unisex	1700163941711	1700163941823	OK	 
REQUEST		Load Product Page - Casual Black-Blue	1700163941741	1700163941849	OK	 
REQUEST		Load Product Page - Casual Black-Blue	1700163941800	1700163941909	OK	 
REQUEST		Load Category Page - For Him	1700163941851	1700163941960	OK	 
REQUEST		Load About Us Page	1700163941877	1700163941988	OK	 
REQUEST		Load Home Page	1700163941910	1700163942016	OK	 
REQUEST		Load Product Page - Black and Red Glasses	1700163941993	1700163942103	OK	 
REQUEST		Load Category Page - For Him	1700163942033	1700163942140	OK	 
REQUEST		Load Product Page - Casual Black-Blue	1700163942082	1700163942190	OK	 
REQUEST		Load Home Page	1700163942105	1700163942215	OK	 
REQUEST		Load Category Page - For Her	1700163942192	1700163942301	OK	 
REQUEST		Load Category Page - Unisex	1700163942476	1700163942589	OK	 
REQUEST		Load Product Page - Casual Black-Blue	1700163942493	1700163942600	OK	 
REQUEST		Load Category Page - Unisex	1700163942520	1700163942628	OK	 
REQUEST		Load Product Page - Black and Red Glasses	1700163942557	1700163942667	OK	 
REQUEST		Load Category Page - All Products	1700163942668	1700163942777	OK	 
REQUEST		Load About Us Page	1700163942718	1700163942829	OK	 
REQUEST		Load Product Page - Black and Red Glasses	1700163942732	1700163942839	OK	 
REQUEST		Load Product Page - Black and Red Glasses	1700163942961	1700163943074	OK	 
REQUEST		Load Product Page - Black and Red Glasses	1700163942987	1700163943099	OK	 
REQUEST		Add product to cart	1700163943075	1700163943183	OK	 
REQUEST		Load Category Page - All Products	1700163943100	1700163943214	OK	 
REQUEST		Load Product Page - Casual Black-Blue	1700163943194	1700163943303	OK	 
REQUEST		Load Category Page - All Products	1700163943298	1700163943410	OK	 
REQUEST		Load Home Page	1700163943304	1700163943412	OK	 
REQUEST		Load Product Page - Black and Red Glasses	1700163943327	1700163943433	OK	 
REQUEST		Add product to cart	1700163943434	1700163943541	OK	 
REQUEST		Load Product Page - Casual Black-Blue	1700163943464	1700163943575	OK	 
REQUEST		Load Home Page	1700163943542	1700163943649	OK	 
REQUEST		Load Category Page - For Him	1700163943576	1700163943689	OK	 
REQUEST		Load Login Page	1700163943677	1700163943784	OK	 
REQUEST		Load Product Page - Casual Black-Blue	1700163943722	1700163943832	OK	 
REQUEST		Customer Login Action	1700163943788	1700163943896	OK	 
REQUEST		Load Category Page - For Him	1700163943833	1700163943945	OK	 
REQUEST		Load About Us Page	1700163943915	1700163944027	OK	 
REQUEST		Customer Login Action Redirect 1	1700163943901	1700163944124	OK	 
REQUEST		Load Product Page - Casual Black-Blue	1700163944082	1700163944193	OK	 
REQUEST		Load Product Page - Casual Black-Blue	1700163944132	1700163944245	OK	 
REQUEST		Load Cart Page	1700163944125	1700163944248	OK	 
REQUEST		Load About Us Page	1700163944151	1700163944263	OK	 
REQUEST		Load Category Page - Unisex	1700163944195	1700163944309	OK	 
REQUEST		Load Category Page - All Products	1700163944247	1700163944359	OK	 
REQUEST		Load Category Page - Unisex	1700163944311	1700163944421	OK	 
REQUEST		Load Category Page - For Her	1700163944622	1700163944734	OK	 
REQUEST		Load Product Page - Casual Black-Blue	1700163944645	1700163944757	OK	 
REQUEST		Checkout Cart	1700163944727	1700163944832	OK	 
REQUEST		Load Product Page - Casual Black-Blue	1700163944751	1700163944866	OK	 
REQUEST		Load Category Page - All Products	1700163944758	1700163944871	OK	 
REQUEST		Load Product Page - Black and Red Glasses	1700163944798	1700163944909	OK	 
REQUEST		Checkout Cart Redirect 1	1700163944833	1700163944945	OK	 
REQUEST		Load Category Page - All Products	1700163944868	1700163944982	OK	 
REQUEST		Load Category Page - For Him	1700163944910	1700163945023	OK	 
REQUEST		Load Product Page - Black and Red Glasses	1700163944944	1700163945052	OK	 
REQUEST		Load Home Page	1700163944946	1700163945052	OK	 
REQUEST		Load Category Page - All Products	1700163945053	1700163945162	OK	 
REQUEST		Load Product Page - Black and Red Glasses	1700163945094	1700163945205	OK	 
REQUEST		Load Product Page - Black and Red Glasses	1700163945198	1700163945310	OK	 
REQUEST		Load Category Page - For Him	1700163945207	1700163945319	OK	 
REQUEST		Load Product Page - Black and Red Glasses	1700163945229	1700163945338	OK	 
REQUEST		Load Home Page	1700163945311	1700163945422	OK	 
REQUEST		Load Category Page - For Him	1700163945340	1700163945448	OK	 
REQUEST		Load Product Page - Black and Red Glasses	1700163945360	1700163945468	OK	 
REQUEST		Load Category Page - Unisex	1700163945469	1700163945580	OK	 
REQUEST		Load Category Page - All Products	1700163945555	1700163945662	OK	 
REQUEST		Load Product Page - Black and Red Glasses	1700163945649	1700163945760	OK	 
REQUEST		Load Product Page - Black and Red Glasses	1700163945697	1700163945806	OK	 
REQUEST		Load Home Page	1700163945761	1700163945872	OK	 
REQUEST		Load Category Page - All Products	1700163945807	1700163945918	OK	 
REQUEST		Load About Us Page	1700163945925	1700163946036	OK	 
REQUEST		Load Product Page - Black and Red Glasses	1700163945958	1700163946064	OK	 
REQUEST		Load Product Page - Casual Black-Blue	1700163946034	1700163946141	OK	 
REQUEST		Load Product Page - Black and Red Glasses	1700163946107	1700163946218	OK	 
REQUEST		Load Category Page - For Him	1700163946143	1700163946250	OK	 
REQUEST		Load Product Page - Casual Black-Blue	1700163946169	1700163946277	OK	 
REQUEST		Load Category Page - For Her	1700163946220	1700163946329	OK	 
REQUEST		Add product to cart	1700163946278	1700163946385	OK	 
REQUEST		Load About Us Page	1700163946375	1700163946486	OK	 
REQUEST		Load Category Page - For Him	1700163946496	1700163946609	OK	 
REQUEST		Load Product Page - Casual Black-Blue	1700163946521	1700163946629	OK	 
REQUEST		Load Category Page - For Him	1700163946630	1700163946738	OK	 
REQUEST		Load Login Page	1700163946655	1700163946764	OK	 
REQUEST		Load Product Page - Casual Black-Blue	1700163946699	1700163946809	OK	 
REQUEST		Customer Login Action	1700163946764	1700163946869	OK	 
REQUEST		Load Home Page	1700163946810	1700163946917	OK	 
REQUEST		Customer Login Action Redirect 1	1700163946870	1700163946982	OK	 
REQUEST		Load Category Page - Unisex	1700163946959	1700163947071	OK	 
REQUEST		Load Product Page - Black and Red Glasses	1700163946971	1700163947078	OK	 
REQUEST		Load Cart Page	1700163946983	1700163947092	OK	 
REQUEST		Load Product Page - Black and Red Glasses	1700163947069	1700163947180	OK	 
REQUEST		Load Home Page	1700163947080	1700163947187	OK	 
REQUEST		Load Category Page - For Her	1700163947182	1700163947295	OK	 
REQUEST		Checkout Cart	1700163947244	1700163947349	OK	 
REQUEST		Checkout Cart Redirect 1	1700163947349	1700163947462	OK	 
REQUEST		Load Product Page - Black and Red Glasses	1700163947380	1700163947491	OK	 
REQUEST		Load About Us Page	1700163947419	1700163947529	OK	 
REQUEST		Load Product Page - Casual Black-Blue	1700163947449	1700163947561	OK	 
REQUEST		Load Home Page	1700163947462	1700163947568	OK	 
REQUEST		Load Category Page - Unisex	1700163947492	1700163947604	OK	 
REQUEST		Load Category Page - For Him	1700163947563	1700163947675	OK	 
REQUEST		Load Category Page - Unisex	1700163947664	1700163947773	OK	 
REQUEST		Load About Us Page	1700163947689	1700163947797	OK	 
REQUEST		Load Product Page - Casual Black-Blue	1700163947834	1700163947946	OK	 
REQUEST		Load Category Page - All Products	1700163947949	1700163948062	OK	 
REQUEST		Load Product Page - Black and Red Glasses	1700163948013	1700163948122	OK	 
REQUEST		Load Product Page - Casual Black-Blue	1700163948021	1700163948133	OK	 
REQUEST		Load About Us Page	1700163948069	1700163948177	OK	 
REQUEST		Load Category Page - For Her	1700163948124	1700163948236	OK	 
REQUEST		Load Category Page - For Her	1700163948134	1700163948251	OK	 
REQUEST		Load Category Page - For Him	1700163948163	1700163948274	OK	 
REQUEST		Load Product Page - Casual Black-Blue	1700163948470	1700163948578	OK	 
REQUEST		Load Product Page - Casual Black-Blue	1700163948506	1700163948620	OK	 
REQUEST		Load Product Page - Black and Red Glasses	1700163948523	1700163948637	OK	 
REQUEST		Load Category Page - All Products	1700163948579	1700163948689	OK	 
REQUEST		Load Category Page - For Her	1700163948623	1700163948735	OK	 
REQUEST		Load Category Page - For Him	1700163948640	1700163948753	OK	 
REQUEST		Load Category Page - Unisex	1700163948664	1700163948778	OK	 
REQUEST		Load Product Page - Black and Red Glasses	1700163948671	1700163948785	OK	 
REQUEST		Load Category Page - Unisex	1700163948786	1700163948896	OK	 
REQUEST		Load Product Page - Casual Black-Blue	1700163948892	1700163949002	OK	 
REQUEST		Load Product Page - Casual Black-Blue	1700163948942	1700163949053	OK	 
REQUEST		Load Category Page - Unisex	1700163949003	1700163949112	OK	 
REQUEST		Load Category Page - For Her	1700163949054	1700163949165	OK	 
REQUEST		Load Product Page - Casual Black-Blue	1700163949084	1700163949194	OK	 
REQUEST		Load Product Page - Casual Black-Blue	1700163949168	1700163949275	OK	 
REQUEST		Load Home Page	1700163949196	1700163949306	OK	 
REQUEST		Load Category Page - All Products	1700163949276	1700163949387	OK	 
REQUEST		Load Product Page - Black and Red Glasses	1700163949368	1700163949480	OK	 
REQUEST		Load Category Page - All Products	1700163949481	1700163949590	OK	 
REQUEST		Load Product Page - Casual Black-Blue	1700163949567	1700163949678	OK	 
REQUEST		Load Product Page - Casual Black-Blue	1700163949656	1700163949767	OK	 
REQUEST		Load Category Page - All Products	1700163949679	1700163949787	OK	 
REQUEST		Load Product Page - Casual Black-Blue	1700163949736	1700163949842	OK	 
REQUEST		Load Product Page - Black and Red Glasses	1700163949736	1700163949844	OK	 
REQUEST		Load Home Page	1700163949768	1700163949883	OK	 
REQUEST		Load About Us Page	1700163949808	1700163949920	OK	 
REQUEST		Load Category Page - For Him	1700163949843	1700163949950	OK	 
REQUEST		Load Category Page - For Him	1700163949845	1700163949958	OK	 
REQUEST		Load Product Page - Black and Red Glasses	1700163949918	1700163950025	OK	 
REQUEST		Load Category Page - Unisex	1700163950026	1700163950137	OK	 
REQUEST		Load Product Page - Casual Black-Blue	1700163950308	1700163950415	OK	 
REQUEST		Load Category Page - For Her	1700163950321	1700163950433	OK	 
REQUEST		Load About Us Page	1700163950385	1700163950500	OK	 
REQUEST		Load Category Page - Unisex	1700163950417	1700163950525	OK	 
REQUEST		Load Product Page - Black and Red Glasses	1700163950449	1700163950558	OK	 
REQUEST		Load Product Page - Black and Red Glasses	1700163950501	1700163950608	OK	 
REQUEST		Load Home Page	1700163950560	1700163950667	OK	 
REQUEST		Load Home Page	1700163950609	1700163950716	OK	 
REQUEST		Load Product Page - Black and Red Glasses	1700163950632	1700163950738	OK	 
REQUEST		Load Category Page - For Him	1700163950739	1700163950847	OK	 
REQUEST		Load Category Page - Unisex	1700163950859	1700163950974	OK	 
REQUEST		Load Product Page - Black and Red Glasses	1700163950927	1700163951038	OK	 
REQUEST		Load Category Page - Unisex	1700163951039	1700163951151	OK	 
REQUEST		Load About Us Page	1700163951169	1700163951278	OK	 
REQUEST		Load About Us Page	1700163951217	1700163951325	OK	 
REQUEST		Load Product Page - Black and Red Glasses	1700163951222	1700163951328	OK	 
REQUEST		Load Product Page - Black and Red Glasses	1700163951261	1700163951372	OK	 
REQUEST		Load Home Page	1700163951329	1700163951435	OK	 
REQUEST		Load Category Page - All Products	1700163951373	1700163951485	OK	 
REQUEST		Load Product Page - Casual Black-Blue	1700163951393	1700163951504	OK	 
REQUEST		Load Category Page - Unisex	1700163951506	1700163951617	OK	 
REQUEST		Load Category Page - All Products	1700163951595	1700163951703	OK	 
REQUEST		Load Category Page - Unisex	1700163951679	1700163951787	OK	 
REQUEST		Load Product Page - Casual Black-Blue	1700163951774	1700163951885	OK	 
REQUEST		Load Category Page - Unisex	1700163951887	1700163951998	OK	 
REQUEST		Load About Us Page	1700163951936	1700163952042	OK	 
REQUEST		Load Product Page - Black and Red Glasses	1700163951995	1700163952106	OK	 
REQUEST		Load Product Page - Casual Black-Blue	1700163952032	1700163952139	OK	 
REQUEST		Load Category Page - For Him	1700163952108	1700163952221	OK	 
REQUEST		Load Category Page - For Him	1700163952140	1700163952248	OK	 
REQUEST		Load Product Page - Black and Red Glasses	1700163952268	1700163952376	OK	 
REQUEST		Load Product Page - Black and Red Glasses	1700163952354	1700163952467	OK	 
REQUEST		Load Category Page - For Her	1700163952377	1700163952499	OK	 
REQUEST		Load Category Page - Unisex	1700163952396	1700163952506	OK	 
REQUEST		Load Product Page - Black and Red Glasses	1700163952442	1700163952553	OK	 
REQUEST		Load Category Page - For Her	1700163952468	1700163952579	OK	 
REQUEST		Load Category Page - All Products	1700163952554	1700163952668	OK	 
REQUEST		Load Product Page - Black and Red Glasses	1700163952741	1700163952856	OK	 
REQUEST		Load Category Page - All Products	1700163952857	1700163952965	OK	 
REQUEST		Load Product Page - Casual Black-Blue	1700163952931	1700163953042	OK	 
REQUEST		Load Product Page - Casual Black-Blue	1700163952982	1700163953095	OK	 
REQUEST		Load Product Page - Black and Red Glasses	1700163952989	1700163953099	OK	 
REQUEST		Load Product Page - Black and Red Glasses	1700163953010	1700163953122	OK	 
REQUEST		Load Home Page	1700163953043	1700163953156	OK	 
REQUEST		Load Category Page - For Her	1700163953096	1700163953203	OK	 
REQUEST		Load Category Page - For Him	1700163953100	1700163953209	OK	 
REQUEST		Load Category Page - For Him	1700163953122	1700163953234	OK	 
REQUEST		Load Product Page - Casual Black-Blue	1700163953186	1700163953297	OK	 
REQUEST		Load Category Page - For Her	1700163953297	1700163953406	OK	 
REQUEST		Load Product Page - Casual Black-Blue	1700163953339	1700163953448	OK	 
REQUEST		Load Category Page - All Products	1700163953449	1700163953559	OK	 
REQUEST		Load Product Page - Black and Red Glasses	1700163953510	1700163953617	OK	 
REQUEST		Load Category Page - All Products	1700163953617	1700163953725	OK	 
REQUEST		Load About Us Page	1700163953658	1700163953769	OK	 
REQUEST		Load Product Page - Black and Red Glasses	1700163953658	1700163953769	OK	 
REQUEST		Load Product Page - Casual Black-Blue	1700163953694	1700163953803	OK	 
REQUEST		Load Product Page - Black and Red Glasses	1700163953770	1700163953876	OK	 
REQUEST		Load Home Page	1700163953770	1700163953881	OK	 
REQUEST		Load Category Page - All Products	1700163953804	1700163953913	OK	 
REQUEST		Load Product Page - Casual Black-Blue	1700163953870	1700163953978	OK	 
REQUEST		Load Category Page - For Him	1700163953877	1700163953985	OK	 
REQUEST		Load Category Page - For Her	1700163953979	1700163954090	OK	 
REQUEST		Load Product Page - Black and Red Glasses	1700163954040	1700163954149	OK	 
REQUEST		Load Home Page	1700163954150	1700163954258	OK	 
REQUEST		Load Product Page - Black and Red Glasses	1700163954236	1700163954342	OK	 
REQUEST		Load Category Page - For Her	1700163954259	1700163954372	OK	 
REQUEST		Load Category Page - All Products	1700163954343	1700163954451	OK	 
REQUEST		Load Product Page - Casual Black-Blue	1700163954345	1700163954453	OK	 
REQUEST		Load Category Page - Unisex	1700163954383	1700163954495	OK	 
REQUEST		Load Home Page	1700163954454	1700163954561	OK	 
REQUEST		Load Product Page - Casual Black-Blue	1700163954735	1700163954846	OK	 
REQUEST		Load Category Page - All Products	1700163954760	1700163954868	OK	 
REQUEST		Load Product Page - Black and Red Glasses	1700163954829	1700163954935	OK	 
REQUEST		Load Category Page - For Her	1700163954847	1700163954959	OK	 
REQUEST		Load Home Page	1700163954936	1700163955047	OK	 
REQUEST		Load Product Page - Black and Red Glasses	1700163954992	1700163955103	OK	 
REQUEST		Load About Us Page	1700163955062	1700163955169	OK	 
REQUEST		Load Product Page - Casual Black-Blue	1700163955123	1700163955234	OK	 
REQUEST		Load Category Page - For Him	1700163955235	1700163955346	OK	 
REQUEST		Load Product Page - Black and Red Glasses	1700163955251	1700163955360	OK	 
REQUEST		Load Category Page - For Him	1700163955310	1700163955418	OK	 
REQUEST		Load Product Page - Black and Red Glasses	1700163955384	1700163955496	OK	 
REQUEST		Add product to cart	1700163955497	1700163955606	OK	 
REQUEST		Load Product Page - Casual Black-Blue	1700163955533	1700163955644	OK	 
REQUEST		Load Category Page - For Him	1700163955549	1700163955656	OK	 
REQUEST		Load Home Page	1700163955607	1700163955717	OK	 
REQUEST		Load Product Page - Casual Black-Blue	1700163955626	1700163955738	OK	 
REQUEST		Load Category Page - All Products	1700163955645	1700163955757	OK	 
REQUEST		Load Product Page - Casual Black-Blue	1700163955671	1700163955779	OK	 
REQUEST		Add product to cart	1700163955738	1700163955846	OK	 
REQUEST		Load Category Page - For Her	1700163955780	1700163955888	OK	 
REQUEST		Load Product Page - Black and Red Glasses	1700163955977	1700163956083	OK	 
REQUEST		Load Product Page - Casual Black-Blue	1700163956046	1700163956157	OK	 
REQUEST		Load Product Page - Black and Red Glasses	1700163956062	1700163956171	OK	 
REQUEST		Load Login Page	1700163956080	1700163956190	OK	 
REQUEST		Load Category Page - For Her	1700163956158	1700163956270	OK	 
REQUEST		Load Category Page - For Her	1700163956172	1700163956281	OK	 
REQUEST		Customer Login Action	1700163956190	1700163956296	OK	 
REQUEST		Load About Us Page	1700163956218	1700163956328	OK	 
REQUEST		Load Product Page - Black and Red Glasses	1700163956457	1700163956563	OK	 
REQUEST		Load Product Page - Black and Red Glasses	1700163956531	1700163956638	OK	 
REQUEST		Load Product Page - Casual Black-Blue	1700163956544	1700163956655	OK	 
REQUEST		Add product to cart	1700163956564	1700163956668	OK	 
REQUEST		Load Category Page - Unisex	1700163956639	1700163956746	OK	 
REQUEST		Load Home Page	1700163956656	1700163956766	OK	 
REQUEST		Load Home Page	1700163956669	1700163956774	OK	 
REQUEST		Load Category Page - Unisex	1700163956712	1700163956823	OK	 
REQUEST		Load Product Page - Casual Black-Blue	1700163957062	1700163957168	OK	 
REQUEST		Load Product Page - Black and Red Glasses	1700163957063	1700163957173	OK	 
REQUEST		Load Category Page - For Her	1700163957169	1700163957277	OK	 
REQUEST		Load Category Page - All Products	1700163957174	1700163957286	OK	 
REQUEST		Load Category Page - Unisex	1700163957267	1700163957379	OK	 
REQUEST		Load Category Page - Unisex	1700163957276	1700163957382	OK	 
REQUEST		Customer Login Action Redirect 1	1700163956297	1700163957443	OK	 
REQUEST		Load Cart Page	1700163957444	1700163957553	OK	 
REQUEST		Load Product Page - Casual Black-Blue	1700163957523	1700163957634	OK	 
REQUEST		Load Product Page - Black and Red Glasses	1700163957545	1700163957651	OK	 
REQUEST		Load Product Page - Casual Black-Blue	1700163957622	1700163957729	OK	 
REQUEST		Load Category Page - For Him	1700163957635	1700163957746	OK	 
REQUEST		Load Home Page	1700163957730	1700163957837	OK	 
REQUEST		Load Product Page - Black and Red Glasses	1700163957770	1700163957881	OK	 
REQUEST		Checkout Cart	1700163957937	1700163958044	OK	 
REQUEST		Load Product Page - Casual Black-Blue	1700163958020	1700163958125	OK	 
REQUEST		Checkout Cart Redirect 1	1700163958044	1700163958154	OK	 
REQUEST		Add product to cart	1700163958126	1700163958232	OK	 
REQUEST		Load Home Page	1700163958155	1700163958264	OK	 
REQUEST		Load Product Page - Casual Black-Blue	1700163958154	1700163958266	OK	 
REQUEST		Load Product Page - Casual Black-Blue	1700163958194	1700163958312	OK	 
REQUEST		Load Home Page	1700163958233	1700163958338	OK	 
REQUEST		Add product to cart	1700163958267	1700163958377	OK	 
REQUEST		Load Category Page - For Him	1700163958314	1700163958425	OK	 
REQUEST		Load About Us Page	1700163958339	1700163958446	OK	 
REQUEST		Load Home Page	1700163958378	1700163958492	OK	 
REQUEST		Load Product Page - Casual Black-Blue	1700163958693	1700163958803	OK	 
REQUEST		Load Category Page - Unisex	1700163958757	1700163958865	OK	 
REQUEST		Load About Us Page	1700163958766	1700163958874	OK	 
REQUEST		Load Category Page - All Products	1700163958804	1700163958915	OK	 
REQUEST		Load About Us Page	1700163958840	1700163958946	OK	 
REQUEST		Load About Us Page	1700163958993	1700163959104	OK	 
REQUEST		Load Product Page - Black and Red Glasses	1700163959046	1700163959156	OK	 
REQUEST		Load Home Page	1700163959157	1700163959268	OK	 
REQUEST		Load Category Page - For Her	1700163959303	1700163959417	OK	 
REQUEST		Load Category Page - For Him	1700163959343	1700163959450	OK	 
REQUEST		Load Product Page - Black and Red Glasses	1700163959358	1700163959465	OK	 
REQUEST		Load Category Page - All Products	1700163959466	1700163959579	OK	 
REQUEST		Load Category Page - All Products	1700163959511	1700163959624	OK	 
REQUEST		Load Product Page - Casual Black-Blue	1700163959622	1700163959729	OK	 
REQUEST		Load Category Page - All Products	1700163959730	1700163959838	OK	 
REQUEST		Load Product Page - Casual Black-Blue	1700163959730	1700163959839	OK	 
REQUEST		Load About Us Page	1700163959770	1700163959880	OK	 
REQUEST		Load Category Page - All Products	1700163959840	1700163959948	OK	 
REQUEST		Load Product Page - Black and Red Glasses	1700163959887	1700163959996	OK	 
REQUEST		Load Product Page - Casual Black-Blue	1700163959947	1700163960059	OK	 
REQUEST		Load Category Page - For Him	1700163960002	1700163960110	OK	 
REQUEST		Load Product Page - Casual Black-Blue	1700163960059	1700163960166	OK	 
REQUEST		Load Category Page - Unisex	1700163960060	1700163960172	OK	 
REQUEST		Load Category Page - For Him	1700163960167	1700163960276	OK	 
REQUEST		Load Product Page - Black and Red Glasses	1700163960266	1700163960373	OK	 
REQUEST		Load Category Page - All Products	1700163960347	1700163960461	OK	 
REQUEST		Load Category Page - For Him	1700163960374	1700163960481	OK	 
REQUEST		Load Product Page - Casual Black-Blue	1700163960396	1700163960504	OK	 
REQUEST		Load Product Page - Black and Red Glasses	1700163960405	1700163960515	OK	 
REQUEST		Load Category Page - Unisex	1700163960505	1700163960616	OK	 
REQUEST		Load Category Page - All Products	1700163960516	1700163960628	OK	 
REQUEST		Load Product Page - Black and Red Glasses	1700163960607	1700163960715	OK	 
REQUEST		Load Product Page - Black and Red Glasses	1700163960610	1700163960721	OK	 
REQUEST		Load Category Page - All Products	1700163960715	1700163960827	OK	 
REQUEST		Load Category Page - For Her	1700163960722	1700163960835	OK	 
REQUEST		Load Product Page - Casual Black-Blue	1700163960804	1700163960909	OK	 
REQUEST		Load Product Page - Casual Black-Blue	1700163960896	1700163961006	OK	 
REQUEST		Load Category Page - For Him	1700163960910	1700163961018	OK	 
REQUEST		Load Product Page - Black and Red Glasses	1700163960982	1700163961090	OK	 
REQUEST		Load Product Page - Black and Red Glasses	1700163961007	1700163961119	OK	 
REQUEST		Load Category Page - All Products	1700163961007	1700163961119	OK	 
REQUEST		Load Product Page - Black and Red Glasses	1700163961058	1700163961167	OK	 
REQUEST		Load Home Page	1700163961091	1700163961198	OK	 
REQUEST		Load Category Page - Unisex	1700163961120	1700163961231	OK	 
REQUEST		Load Category Page - All Products	1700163961168	1700163961278	OK	 
REQUEST		Load Product Page - Casual Black-Blue	1700163961283	1700163961389	OK	 
REQUEST		Load Category Page - For Her	1700163961391	1700163961499	OK	 
REQUEST		Load Product Page - Casual Black-Blue	1700163961404	1700163961515	OK	 
REQUEST		Load Product Page - Casual Black-Blue	1700163961446	1700163961557	OK	 
REQUEST		Load Category Page - For Him	1700163961516	1700163961628	OK	 
REQUEST		Load Category Page - For Him	1700163961558	1700163961671	OK	 
REQUEST		Load Product Page - Black and Red Glasses	1700163961615	1700163961723	OK	 
REQUEST		Load Category Page - For Him	1700163961700	1700163961808	OK	 
REQUEST		Load Category Page - For Her	1700163961724	1700163961832	OK	 
REQUEST		Load Product Page - Black and Red Glasses	1700163961877	1700163961987	OK	 
REQUEST		Load Product Page - Casual Black-Blue	1700163961907	1700163962015	OK	 
REQUEST		Load Category Page - All Products	1700163961988	1700163962100	OK	 
REQUEST		Load Product Page - Casual Black-Blue	1700163962007	1700163962117	OK	 
REQUEST		Load Home Page	1700163962016	1700163962121	OK	 
REQUEST		Load Product Page - Black and Red Glasses	1700163962121	1700163962233	OK	 
REQUEST		Load Product Page - Black and Red Glasses	1700163962200	1700163962310	OK	 
REQUEST		Load Home Page	1700163962234	1700163962345	OK	 
REQUEST		Load Product Page - Black and Red Glasses	1700163962247	1700163962354	OK	 
REQUEST		Load Home Page	1700163962311	1700163962420	OK	 
REQUEST		Add product to cart	1700163962355	1700163962461	OK	 
REQUEST		Load Product Page - Casual Black-Blue	1700163962454	1700163962566	OK	 
REQUEST		Load Home Page	1700163962461	1700163962568	OK	 
REQUEST		Load Home Page	1700163962567	1700163962678	OK	 
REQUEST		Load Category Page - For Him	1700163962624	1700163962731	OK	 
REQUEST		Load About Us Page	1700163962847	1700163962958	OK	 
REQUEST		Load About Us Page	1700163962922	1700163963038	OK	 
REQUEST		Load About Us Page	1700163963070	1700163963177	OK	 
REQUEST		Load About Us Page	1700163963179	1700163963306	OK	 
REQUEST		Load Product Page - Black and Red Glasses	1700163963213	1700163963319	OK	 
REQUEST		Load Category Page - For Him	1700163963211	1700163963322	OK	 
REQUEST		Load Category Page - For Him	1700163963532	1700163963644	OK	 
REQUEST		Load Product Page - Black and Red Glasses	1700163963547	1700163963658	OK	 
REQUEST		Load Category Page - Unisex	1700163963591	1700163963701	OK	 
REQUEST		Load Category Page - For Her	1700163963601	1700163963712	OK	 
REQUEST		Load Product Page - Casual Black-Blue	1700163963634	1700163963741	OK	 
REQUEST		Load Category Page - Unisex	1700163963659	1700163963770	OK	 
REQUEST		Add product to cart	1700163963741	1700163963846	OK	 
REQUEST		Load Product Page - Black and Red Glasses	1700163963821	1700163963930	OK	 
REQUEST		Load Category Page - Unisex	1700163963931	1700163964040	OK	 
REQUEST		Load Product Page - Casual Black-Blue	1700163963948	1700163964059	OK	 
REQUEST		Load Product Page - Black and Red Glasses	1700163963982	1700163964093	OK	 
REQUEST		Load Product Page - Black and Red Glasses	1700163964055	1700163964168	OK	 
REQUEST		Load Category Page - Unisex	1700163964060	1700163964171	OK	 
REQUEST		Load Login Page	1700163964094	1700163964201	OK	 
REQUEST		Load Category Page - For Him	1700163964094	1700163964206	OK	 
REQUEST		Load Category Page - For Her	1700163964170	1700163964277	OK	 
REQUEST		Customer Login Action	1700163964201	1700163964306	OK	 
REQUEST		Customer Login Action Redirect 1	1700163964307	1700163964418	OK	 
REQUEST		Load Cart Page	1700163964419	1700163964526	OK	 
REQUEST		Load Product Page - Casual Black-Blue	1700163964444	1700163964555	OK	 
REQUEST		Load Product Page - Black and Red Glasses	1700163964451	1700163964559	OK	 
REQUEST		Load Product Page - Black and Red Glasses	1700163964527	1700163964716	OK	 
REQUEST		Load Product Page - Black and Red Glasses	1700163964541	1700163964716	OK	 
REQUEST		Load Category Page - Unisex	1700163964557	1700163964716	OK	 
REQUEST		Load Category Page - For Him	1700163964560	1700163964717	OK	 
REQUEST		Load Category Page - For Him	1700163964717	1700163964828	OK	 
REQUEST		Load Category Page - Unisex	1700163964717	1700163964830	OK	 
REQUEST		Checkout Cart	1700163964944	1700163965050	OK	 
REQUEST		Load Product Page - Casual Black-Blue	1700163964965	1700163965074	OK	 
REQUEST		Load Product Page - Black and Red Glasses	1700163964994	1700163965101	OK	 
REQUEST		Checkout Cart Redirect 1	1700163965050	1700163965173	OK	 
REQUEST		Load Category Page - Unisex	1700163965075	1700163965184	OK	 
REQUEST		Load Category Page - Unisex	1700163965102	1700163965210	OK	 
REQUEST		Load Product Page - Black and Red Glasses	1700163965160	1700163965270	OK	 
REQUEST		Load Home Page	1700163965173	1700163965281	OK	 
REQUEST		Load Category Page - For Her	1700163965271	1700163965383	OK	 
REQUEST		Load Product Page - Casual Black-Blue	1700163965298	1700163965409	OK	 
REQUEST		Load Category Page - For Her	1700163965410	1700163965525	OK	 
REQUEST		Load Product Page - Black and Red Glasses	1700163965500	1700163965608	OK	 
REQUEST		Load Product Page - Casual Black-Blue	1700163965562	1700163965673	OK	 
REQUEST		Load Category Page - For Him	1700163965609	1700163965719	OK	 
REQUEST		Load Category Page - For Him	1700163965674	1700163965786	OK	 
REQUEST		Load Product Page - Black and Red Glasses	1700163965702	1700163965809	OK	 
REQUEST		Load Category Page - Unisex	1700163965783	1700163965890	OK	 
REQUEST		Load Category Page - For Her	1700163965811	1700163965918	OK	 
REQUEST		Load Product Page - Casual Black-Blue	1700163965828	1700163965938	OK	 
REQUEST		Load Home Page	1700163965939	1700163966046	OK	 
REQUEST		Load Product Page - Casual Black-Blue	1700163965980	1700163966092	OK	 
REQUEST		Load Home Page	1700163966093	1700163966203	OK	 
REQUEST		Load Product Page - Black and Red Glasses	1700163966157	1700163966263	OK	 
REQUEST		Load Product Page - Casual Black-Blue	1700163966157	1700163966268	OK	 
REQUEST		Load Product Page - Black and Red Glasses	1700163966185	1700163966292	OK	 
REQUEST		Load Home Page	1700163966269	1700163966379	OK	 
REQUEST		Load Home Page	1700163966293	1700163966404	OK	 
REQUEST		Load About Us Page	1700163966549	1700163966658	OK	 
REQUEST		Load Product Page - Black and Red Glasses	1700163966609	1700163966715	OK	 
REQUEST		Load Category Page - For Her	1700163966706	1700163966819	OK	 
REQUEST		Add product to cart	1700163966716	1700163966823	OK	 
REQUEST		Load About Us Page	1700163966881	1700163966991	OK	 
REQUEST		Load Category Page - For Her	1700163966907	1700163967014	OK	 
REQUEST		Load Category Page - For Her	1700163966977	1700163967087	OK	 
REQUEST		Load Product Page - Black and Red Glasses	1700163966985	1700163967096	OK	 
REQUEST		Load Product Page - Black and Red Glasses	1700163967185	1700163967292	OK	 
REQUEST		Load Login Page	1700163967226	1700163967335	OK	 
REQUEST		Customer Login Action	1700163967335	1700163967441	OK	 
REQUEST		Load Category Page - Unisex	1700163967342	1700163967454	OK	 
REQUEST		Load Product Page - Black and Red Glasses	1700163967354	1700163967466	OK	 
REQUEST		Load Product Page - Casual Black-Blue	1700163967429	1700163967539	OK	 
REQUEST		Customer Login Action Redirect 1	1700163967441	1700163967554	OK	 
REQUEST		Load Product Page - Casual Black-Blue	1700163967459	1700163967566	OK	 
REQUEST		Add product to cart	1700163967467	1700163967578	OK	 
REQUEST		Load Category Page - For Her	1700163967540	1700163967650	OK	 
REQUEST		Load Cart Page	1700163967554	1700163967662	OK	 
REQUEST		Add product to cart	1700163967567	1700163967673	OK	 
REQUEST		Load Home Page	1700163967673	1700163967781	OK	 
REQUEST		Load Product Page - Black and Red Glasses	1700163967706	1700163967817	OK	 
REQUEST		Load Login Page	1700163967769	1700163967881	OK	 
REQUEST		Load Category Page - Unisex	1700163967818	1700163967931	OK	 
REQUEST		Customer Login Action	1700163967881	1700163968014	OK	 
REQUEST		Checkout Cart	1700163967895	1700163968014	OK	 
REQUEST		Load Product Page - Casual Black-Blue	1700163968013	1700163968122	OK	 
REQUEST		Checkout Cart Redirect 1	1700163968014	1700163968127	OK	 
REQUEST		Load Product Page - Casual Black-Blue	1700163968087	1700163968199	OK	 
REQUEST		Customer Login Action Redirect 1	1700163968014	1700163968226	OK	 
REQUEST		Load Category Page - All Products	1700163968123	1700163968233	OK	 
REQUEST		Load Home Page	1700163968128	1700163968237	OK	 
REQUEST		Load Category Page - All Products	1700163968200	1700163968311	OK	 
REQUEST		Load Cart Page	1700163968226	1700163968338	OK	 
REQUEST		Load About Us Page	1700163968283	1700163968390	OK	 
REQUEST		Load Product Page - Casual Black-Blue	1700163968445	1700163968555	OK	 
REQUEST		Load Category Page - All Products	1700163968555	1700163968665	OK	 
REQUEST		Load Category Page - For Him	1700163968734	1700163968841	OK	 
REQUEST		Load About Us Page	1700163968739	1700163968845	OK	 
REQUEST		Load Product Page - Black and Red Glasses	1700163968794	1700163968904	OK	 
REQUEST		Checkout Cart	1700163968814	1700163968926	OK	 
REQUEST		Load Category Page - Unisex	1700163968905	1700163969022	OK	 
REQUEST		Checkout Cart Redirect 1	1700163968926	1700163969034	OK	 
REQUEST		Load Category Page - For Him	1700163969027	1700163969134	OK	 
REQUEST		Load Home Page	1700163969034	1700163969145	OK	 
REQUEST		Load Product Page - Casual Black-Blue	1700163969066	1700163969174	OK	 
REQUEST		Load Product Page - Black and Red Glasses	1700163969116	1700163969223	OK	 
REQUEST		Load Product Page - Casual Black-Blue	1700163969137	1700163969248	OK	 
REQUEST		Load Category Page - For Her	1700163969175	1700163969285	OK	 
REQUEST		Load Category Page - Unisex	1700163969223	1700163969333	OK	 
REQUEST		Load Category Page - All Products	1700163969249	1700163969360	OK	 
REQUEST		Load Product Page - Black and Red Glasses	1700163969476	1700163969585	OK	 
REQUEST		Load Category Page - Unisex	1700163969586	1700163969695	OK	 
REQUEST		Load Product Page - Black and Red Glasses	1700163969628	1700163969735	OK	 
REQUEST		Load About Us Page	1700163969647	1700163969759	OK	 
REQUEST		Load Product Page - Casual Black-Blue	1700163969664	1700163969774	OK	 
REQUEST		Load Category Page - All Products	1700163969736	1700163969844	OK	 
REQUEST		Load Product Page - Casual Black-Blue	1700163969750	1700163969860	OK	 
REQUEST		Load Home Page	1700163969775	1700163969885	OK	 
REQUEST		Load Home Page	1700163969861	1700163969969	OK	 
REQUEST		Load Product Page - Casual Black-Blue	1700163969956	1700163970063	OK	 
REQUEST		Load Product Page - Casual Black-Blue	1700163970045	1700163970152	OK	 
REQUEST		Load Category Page - For Him	1700163970064	1700163970172	OK	 
REQUEST		Load Category Page - For Her	1700163970121	1700163970233	OK	 
REQUEST		Load Category Page - Unisex	1700163970153	1700163970261	OK	 
REQUEST		Load Product Page - Black and Red Glasses	1700163970324	1700163970432	OK	 
REQUEST		Load About Us Page	1700163970388	1700163970498	OK	 
REQUEST		Load Product Page - Casual Black-Blue	1700163970401	1700163970513	OK	 
REQUEST		Load Category Page - For Him	1700163970433	1700163970541	OK	 
REQUEST		Load About Us Page	1700163970470	1700163970581	OK	 
REQUEST		Load Category Page - All Products	1700163970514	1700163970627	OK	 
REQUEST		Load Product Page - Casual Black-Blue	1700163970673	1700163970779	OK	 
REQUEST		Load Product Page - Black and Red Glasses	1700163970671	1700163970781	OK	 
REQUEST		Load Product Page - Casual Black-Blue	1700163970746	1700163970857	OK	 
REQUEST		Load Home Page	1700163970781	1700163970888	OK	 
REQUEST		Load Category Page - Unisex	1700163970780	1700163970888	OK	 
REQUEST		Load Category Page - Unisex	1700163970858	1700163970971	OK	 
REQUEST		Load Category Page - Unisex	1700163970952	1700163971064	OK	 
REQUEST		Load Category Page - For Her	1700163970959	1700163971069	OK	 
REQUEST		Load Product Page - Casual Black-Blue	1700163971150	1700163971262	OK	 
REQUEST		Load Product Page - Black and Red Glasses	1700163971263	1700163971369	OK	 
REQUEST		Load Category Page - For Him	1700163971263	1700163971375	OK	 
REQUEST		Load Category Page - Unisex	1700163971370	1700163971477	OK	 
REQUEST		Load Product Page - Black and Red Glasses	1700163971373	1700163971484	OK	 
REQUEST		Load About Us Page	1700163971391	1700163971498	OK	 
REQUEST		Load Product Page - Black and Red Glasses	1700163971442	1700163971550	OK	 
REQUEST		Load Category Page - For Him	1700163971485	1700163971596	OK	 
REQUEST		Load Category Page - For Her	1700163971551	1700163971660	OK	 
REQUEST		Load Product Page - Black and Red Glasses	1700163971576	1700163971687	OK	 
REQUEST		Load Category Page - For Her	1700163971688	1700163971800	OK	 
REQUEST		Load Product Page - Black and Red Glasses	1700163971776	1700163971885	OK	 
REQUEST		Load Category Page - All Products	1700163971794	1700163971903	OK	 
REQUEST		Load Product Page - Black and Red Glasses	1700163971801	1700163971910	OK	 
REQUEST		Load Product Page - Casual Black-Blue	1700163971848	1700163971959	OK	 
REQUEST		Load Category Page - For Him	1700163971886	1700163971997	OK	 
REQUEST		Load Home Page	1700163971911	1700163972017	OK	 
REQUEST		Load Category Page - For Him	1700163971960	1700163972071	OK	 
REQUEST		Load Product Page - Black and Red Glasses	1700163972099	1700163972208	OK	 
REQUEST		Load Product Page - Casual Black-Blue	1700163972108	1700163972219	OK	 
REQUEST		Load Category Page - Unisex	1700163972209	1700163972318	OK	 
REQUEST		Load Home Page	1700163972221	1700163972331	OK	 
REQUEST		Load Product Page - Black and Red Glasses	1700163972250	1700163972360	OK	 
REQUEST		Load Category Page - For Her	1700163972361	1700163972469	OK	 
REQUEST		Load Product Page - Black and Red Glasses	1700163972358	1700163972471	OK	 
REQUEST		Load Category Page - For Her	1700163972471	1700163972582	OK	 
REQUEST		Load Category Page - For Her	1700163972520	1700163972627	OK	 
REQUEST		Load Product Page - Casual Black-Blue	1700163972607	1700163972714	OK	 
REQUEST		Load Product Page - Casual Black-Blue	1700163972641	1700163972750	OK	 
REQUEST		Load Category Page - For Her	1700163972715	1700163972824	OK	 
REQUEST		Load Category Page - For Her	1700163972751	1700163972860	OK	 
REQUEST		Load Product Page - Casual Black-Blue	1700163972824	1700163972930	OK	 
REQUEST		Load About Us Page	1700163972833	1700163972945	OK	 
REQUEST		Load Product Page - Casual Black-Blue	1700163972967	1700163973077	OK	 
REQUEST		Load Category Page - For Him	1700163973078	1700163973189	OK	 
REQUEST		Load Product Page - Casual Black-Blue	1700163973134	1700163973241	OK	 
REQUEST		Load Product Page - Black and Red Glasses	1700163973133	1700163973242	OK	 
REQUEST		Load Category Page - For Her	1700163973242	1700163973355	OK	 
REQUEST		Load Home Page	1700163973243	1700163973355	OK	 
REQUEST		Load Category Page - Unisex	1700163973337	1700163973449	OK	 
REQUEST		Load Product Page - Black and Red Glasses	1700163973406	1700163973513	OK	 
REQUEST		Load Product Page - Black and Red Glasses	1700163973482	1700163973588	OK	 
REQUEST		Load Product Page - Casual Black-Blue	1700163973504	1700163973614	OK	 
REQUEST		Add product to cart	1700163973513	1700163973618	OK	 
REQUEST		Load Category Page - For Him	1700163973589	1700163973697	OK	 
REQUEST		Load Home Page	1700163973619	1700163973725	OK	 
REQUEST		Load Home Page	1700163973615	1700163973726	OK	 
REQUEST		Load Product Page - Casual Black-Blue	1700163973734	1700163973845	OK	 
REQUEST		Load Category Page - For Him	1700163973846	1700163973958	OK	 
REQUEST		Load Category Page - For Her	1700163973857	1700163973966	OK	 
REQUEST		Load Product Page - Casual Black-Blue	1700163974118	1700163974226	OK	 
REQUEST		Load Product Page - Casual Black-Blue	1700163974168	1700163974279	OK	 
REQUEST		Load About Us Page	1700163974226	1700163974332	OK	 
REQUEST		Load Home Page	1700163974227	1700163974333	OK	 
REQUEST		Load About Us Page	1700163974228	1700163974338	OK	 
REQUEST		Load Category Page - All Products	1700163974280	1700163974392	OK	 
REQUEST		Load Product Page - Casual Black-Blue	1700163974350	1700163974458	OK	 
REQUEST		Load Product Page - Black and Red Glasses	1700163974526	1700163974637	OK	 
REQUEST		Load Category Page - Unisex	1700163974639	1700163974751	OK	 
REQUEST		Load Product Page - Casual Black-Blue	1700163974704	1700163974814	OK	 
REQUEST		Load Category Page - All Products	1700163974760	1700163974869	OK	 
REQUEST		Load Category Page - All Products	1700163974769	1700163974881	OK	 
REQUEST		Add product to cart	1700163974815	1700163974923	OK	 
REQUEST		Load Category Page - All Products	1700163974835	1700163974943	OK	 
REQUEST		Load Product Page - Casual Black-Blue	1700163974878	1700163974990	OK	 
REQUEST		Load Category Page - For Her	1700163974991	1700163975103	OK	 
REQUEST		Load Login Page	1700163975167	1700163975288	OK	 
REQUEST		Customer Login Action	1700163975288	1700163975397	OK	 
REQUEST		Load Product Page - Casual Black-Blue	1700163975322	1700163975427	OK	 
REQUEST		Load Product Page - Casual Black-Blue	1700163975319	1700163975428	OK	 
REQUEST		Load Product Page - Casual Black-Blue	1700163975329	1700163975439	OK	 
REQUEST		Customer Login Action Redirect 1	1700163975397	1700163975507	OK	 
REQUEST		Load Category Page - Unisex	1700163975428	1700163975535	OK	 
REQUEST		Load Product Page - Casual Black-Blue	1700163975424	1700163975537	OK	 
REQUEST		Load Category Page - Unisex	1700163975440	1700163975551	OK	 
REQUEST		Load Cart Page	1700163975507	1700163975617	OK	 
REQUEST		Load Home Page	1700163975538	1700163975648	OK	 
REQUEST		Load Product Page - Black and Red Glasses	1700163975693	1700163975800	OK	 
REQUEST		Load Product Page - Casual Black-Blue	1700163975709	1700163975815	OK	 
REQUEST		Add product to cart	1700163975800	1700163975906	OK	 
REQUEST		Load Category Page - Unisex	1700163975816	1700163975923	OK	 
REQUEST		Load Home Page	1700163975907	1700163976014	OK	 
REQUEST		Load Product Page - Casual Black-Blue	1700163975940	1700163976051	OK	 
REQUEST		Load Category Page - For Her	1700163976052	1700163976163	OK	 
REQUEST		Checkout Cart	1700163976089	1700163976196	OK	 
REQUEST		Load Category Page - For Him	1700163976150	1700163976263	OK	 
REQUEST		Checkout Cart Redirect 1	1700163976197	1700163976306	OK	 
REQUEST		Load Product Page - Casual Black-Blue	1700163976261	1700163976368	OK	 
REQUEST		Load Home Page	1700163976307	1700163976415	OK	 
REQUEST		Load Category Page - For Him	1700163976368	1700163976475	OK	 
REQUEST		Load Product Page - Black and Red Glasses	1700163976446	1700163976557	OK	 
REQUEST		Load Product Page - Black and Red Glasses	1700163976457	1700163976568	OK	 
REQUEST		Load About Us Page	1700163976516	1700163976623	OK	 
REQUEST		Load Category Page - For Her	1700163976558	1700163976670	OK	 
REQUEST		Load Product Page - Black and Red Glasses	1700163976773	1700163976885	OK	 
REQUEST		Load Product Page - Black and Red Glasses	1700163976774	1700163976886	OK	 
REQUEST		Load Product Page - Black and Red Glasses	1700163976874	1700163976981	OK	 
REQUEST		Add product to cart	1700163976886	1700163976997	OK	 
REQUEST		Load Category Page - For Him	1700163976886	1700163976999	OK	 
REQUEST		Load Category Page - Unisex	1700163976917	1700163977035	OK	 
REQUEST		Load Category Page - All Products	1700163976952	1700163977065	OK	 
REQUEST		Load Category Page - All Products	1700163976982	1700163977092	OK	 
REQUEST		Load Home Page	1700163976997	1700163977114	OK	 
REQUEST		Load Product Page - Casual Black-Blue	1700163977149	1700163977261	OK	 
REQUEST		Load Product Page - Casual Black-Blue	1700163977209	1700163977318	OK	 
REQUEST		Load Home Page	1700163977262	1700163977372	OK	 
REQUEST		Load Product Page - Casual Black-Blue	1700163977333	1700163977440	OK	 
REQUEST		Load Home Page	1700163977440	1700163977549	OK	 
REQUEST		Load Product Page - Casual Black-Blue	1700163977547	1700163977656	OK	 
REQUEST		Load About Us Page	1700163977617	1700163977729	OK	 
REQUEST		Load Product Page - Casual Black-Blue	1700163977627	1700163977737	OK	 
REQUEST		Load Category Page - For Him	1700163977657	1700163977766	OK	 
REQUEST		Add product to cart	1700163977737	1700163977845	OK	 
REQUEST		Load Home Page	1700163977845	1700163977954	OK	 
REQUEST		Load About Us Page	1700163977874	1700163977987	OK	 
REQUEST		Load Product Page - Black and Red Glasses	1700163977958	1700163978066	OK	 
REQUEST		Load About Us Page	1700163978051	1700163978157	OK	 
REQUEST		Load Category Page - For Him	1700163978066	1700163978174	OK	 
REQUEST		Load Category Page - For Her	1700163978125	1700163978239	OK	 
REQUEST		Load Category Page - Unisex	1700163978307	1700163978414	OK	 
REQUEST		Load Category Page - Unisex	1700163978439	1700163978556	OK	 
REQUEST		Load About Us Page	1700163978456	1700163978563	OK	 
REQUEST		Load Product Page - Black and Red Glasses	1700163978474	1700163978589	OK	 
REQUEST		Load Category Page - Unisex	1700163978590	1700163978702	OK	 
REQUEST		Load Product Page - Casual Black-Blue	1700163978606	1700163978714	OK	 
REQUEST		Load Product Page - Casual Black-Blue	1700163978633	1700163978739	OK	 
REQUEST		Load Category Page - Unisex	1700163978715	1700163978823	OK	 
REQUEST		Load Category Page - All Products	1700163978740	1700163978848	OK	 
REQUEST		Load Product Page - Black and Red Glasses	1700163978928	1700163979041	OK	 
REQUEST		Load Category Page - All Products	1700163978977	1700163979086	OK	 
REQUEST		Load Category Page - For Her	1700163979042	1700163979153	OK	 
REQUEST		Load Product Page - Black and Red Glasses	1700163979086	1700163979193	OK	 
REQUEST		Load Product Page - Black and Red Glasses	1700163979119	1700163979230	OK	 
REQUEST		Load Category Page - Unisex	1700163979194	1700163979303	OK	 
REQUEST		Load Product Page - Casual Black-Blue	1700163979203	1700163979309	OK	 
REQUEST		Load Category Page - Unisex	1700163979231	1700163979347	OK	 
REQUEST		Load Product Page - Casual Black-Blue	1700163979269	1700163979377	OK	 
REQUEST		Load Category Page - For Him	1700163979310	1700163979417	OK	 
REQUEST		Load Category Page - For Him	1700163979377	1700163979490	OK	 
REQUEST		Load Product Page - Casual Black-Blue	1700163979422	1700163979532	OK	 
REQUEST		Load Category Page - Unisex	1700163979533	1700163979646	OK	 
REQUEST		Load Product Page - Black and Red Glasses	1700163979619	1700163979728	OK	 
REQUEST		Load Product Page - Black and Red Glasses	1700163979635	1700163979748	OK	 
REQUEST		Load Home Page	1700163979728	1700163979835	OK	 
REQUEST		Load Category Page - Unisex	1700163979749	1700163979862	OK	 
REQUEST		Load Product Page - Black and Red Glasses	1700163979820	1700163979927	OK	 
REQUEST		Load Product Page - Casual Black-Blue	1700163979828	1700163979937	OK	 
REQUEST		Load Category Page - For Her	1700163979928	1700163980037	OK	 
REQUEST		Load Category Page - All Products	1700163979938	1700163980048	OK	 
REQUEST		Load Product Page - Casual Black-Blue	1700163979967	1700163980078	OK	 
REQUEST		Load Category Page - For Her	1700163980079	1700163980198	OK	 
REQUEST		Load Product Page - Casual Black-Blue	1700163980143	1700163980250	OK	 
REQUEST		Load Product Page - Casual Black-Blue	1700163980174	1700163980283	OK	 
REQUEST		Load Product Page - Casual Black-Blue	1700163980174	1700163980289	OK	 
REQUEST		Load Category Page - For Him	1700163980251	1700163980358	OK	 
REQUEST		Load Category Page - Unisex	1700163980284	1700163980392	OK	 
REQUEST		Load Category Page - For Him	1700163980294	1700163980406	OK	 
REQUEST		Load About Us Page	1700163980336	1700163980444	OK	 
REQUEST		Load Product Page - Casual Black-Blue	1700163980549	1700163980657	OK	 
REQUEST		Load Product Page - Black and Red Glasses	1700163980613	1700163980724	OK	 
REQUEST		Load Home Page	1700163980658	1700163980763	OK	 
REQUEST		Load Product Page - Black and Red Glasses	1700163980667	1700163980775	OK	 
REQUEST		Load Category Page - All Products	1700163980716	1700163980825	OK	 
REQUEST		Load Category Page - All Products	1700163980725	1700163980842	OK	 
REQUEST		Load Category Page - For Him	1700163980776	1700163980884	OK	 
REQUEST		Load Product Page - Casual Black-Blue	1700163980787	1700163980897	OK	 
REQUEST		Load Home Page	1700163980898	1700163981010	OK	 
REQUEST		Load Product Page - Black and Red Glasses	1700163980930	1700163981039	OK	 
REQUEST		Load Product Page - Casual Black-Blue	1700163980993	1700163981104	OK	 
REQUEST		Load Category Page - All Products	1700163981040	1700163981148	OK	 
REQUEST		Load Home Page	1700163981105	1700163981215	OK	 
REQUEST		Load About Us Page	1700163981265	1700163981372	OK	 
REQUEST		Load Product Page - Casual Black-Blue	1700163981288	1700163981399	OK	 
REQUEST		Load Product Page - Casual Black-Blue	1700163981370	1700163981477	OK	 
REQUEST		Load Home Page	1700163981400	1700163981509	OK	 
REQUEST		Load Category Page - All Products	1700163981478	1700163981585	OK	 
REQUEST		Load About Us Page	1700163981512	1700163981623	OK	 
REQUEST		Load About Us Page	1700163981718	1700163981830	OK	 
REQUEST		Load Category Page - For Her	1700163981794	1700163981901	OK	 
REQUEST		Load Category Page - All Products	1700163981943	1700163982055	OK	 
REQUEST		Load About Us Page	1700163982010	1700163982118	OK	 
REQUEST		Load Product Page - Black and Red Glasses	1700163982080	1700163982186	OK	 
REQUEST		Load Product Page - Casual Black-Blue	1700163982131	1700163982238	OK	 
REQUEST		Load Category Page - All Products	1700163982187	1700163982295	OK	 
REQUEST		Load Category Page - Unisex	1700163982206	1700163982318	OK	 
REQUEST		Load Category Page - For Her	1700163982239	1700163982346	OK	 
REQUEST		Load Product Page - Casual Black-Blue	1700163982411	1700163982523	OK	 
REQUEST		Load Category Page - All Products	1700163982524	1700163982638	OK	 
REQUEST		Load Category Page - For Him	1700163982538	1700163982647	OK	 
REQUEST		Load Product Page - Black and Red Glasses	1700163982646	1700163982756	OK	 
REQUEST		Load Product Page - Casual Black-Blue	1700163982644	1700163982757	OK	 
REQUEST		Load Category Page - All Products	1700163982757	1700163982864	OK	 
REQUEST		Load Category Page - Unisex	1700163982757	1700163982868	OK	 
REQUEST		Load Product Page - Casual Black-Blue	1700163982804	1700163982915	OK	 
REQUEST		Load Product Page - Black and Red Glasses	1700163982829	1700163982936	OK	 
REQUEST		Load Category Page - For Her	1700163982916	1700163983033	OK	 
REQUEST		Load Category Page - Unisex	1700163982937	1700163983043	OK	 
REQUEST		Load Product Page - Casual Black-Blue	1700163983001	1700163983108	OK	 
REQUEST		Load Product Page - Casual Black-Blue	1700163983028	1700163983138	OK	 
REQUEST		Load Home Page	1700163983109	1700163983216	OK	 
REQUEST		Load Product Page - Casual Black-Blue	1700163983134	1700163983245	OK	 
REQUEST		Load Category Page - Unisex	1700163983138	1700163983248	OK	 
REQUEST		Load Category Page - All Products	1700163983246	1700163983357	OK	 
REQUEST		Load Product Page - Casual Black-Blue	1700163983395	1700163983501	OK	 
REQUEST		Load Product Page - Black and Red Glasses	1700163983465	1700163983582	OK	 
REQUEST		Load Product Page - Casual Black-Blue	1700163983454	1700163983582	OK	 
REQUEST		Load Category Page - For Him	1700163983502	1700163983609	OK	 
REQUEST		Load Category Page - Unisex	1700163983582	1700163983694	OK	 
REQUEST		Load Category Page - For Him	1700163983582	1700163983694	OK	 
USER	Default Load Test	END	1700163983724
REQUEST		Load Product Page - Black and Red Glasses	1700163983770	1700163983881	OK	 
REQUEST		Load Product Page - Black and Red Glasses	1700163983826	1700163983937	OK	 
REQUEST		Load Category Page - Unisex	1700163983882	1700163983993	OK	 
REQUEST		Load Category Page - For Her	1700163983938	1700163984050	OK	 
REQUEST		Load Product Page - Casual Black-Blue	1700163984080	1700163984187	OK	 
REQUEST		Load Product Page - Casual Black-Blue	1700163984166	1700163984274	OK	 
REQUEST		Load Product Page - Black and Red Glasses	1700163984168	1700163984280	OK	 
REQUEST		Load Category Page - Unisex	1700163984188	1700163984298	OK	 
REQUEST		Load Category Page - All Products	1700163984275	1700163984385	OK	 
REQUEST		Load Home Page	1700163984281	1700163984392	OK	 
REQUEST		Load Product Page - Black and Red Glasses	1700163984307	1700163984418	OK	 
REQUEST		Load Category Page - For Her	1700163984419	1700163984532	OK	 
REQUEST		Load Product Page - Black and Red Glasses	1700163984550	1700163984656	OK	 
REQUEST		Load Product Page - Black and Red Glasses	1700163984645	1700163984754	OK	 
REQUEST		Load Home Page	1700163984657	1700163984764	OK	 
REQUEST		Load Category Page - For Her	1700163984755	1700163984866	OK	 
REQUEST		Load About Us Page	1700163984894	1700163985006	OK	 
REQUEST		Load Product Page - Casual Black-Blue	1700163984924	1700163985036	OK	 
REQUEST		Load Home Page	1700163985037	1700163985148	OK	 
USER	Default Load Test	END	1700163985238
REQUEST		Load Product Page - Black and Red Glasses	1700163985143	1700163985252	OK	 
REQUEST		Load Home Page	1700163985253	1700163985361	OK	 
REQUEST		Load About Us Page	1700163985266	1700163985374	OK	 
REQUEST		Load Category Page - For Him	1700163985544	1700163985650	OK	 
REQUEST		Load About Us Page	1700163985649	1700163985759	OK	 
REQUEST		Load About Us Page	1700163985863	1700163985972	OK	 
REQUEST		Load Category Page - For Him	1700163985946	1700163986057	OK	 
REQUEST		Load Product Page - Black and Red Glasses	1700163986150	1700163986256	OK	 
REQUEST		Load Product Page - Casual Black-Blue	1700163986173	1700163986284	OK	 
REQUEST		Load Category Page - For Her	1700163986257	1700163986364	OK	 
REQUEST		Load Category Page - For Him	1700163986285	1700163986396	OK	 
REQUEST		Load Category Page - Unisex	1700163986359	1700163986468	OK	 
REQUEST		Load Product Page - Black and Red Glasses	1700163986494	1700163986600	OK	 
REQUEST		Load Category Page - For Her	1700163986601	1700163986708	OK	 
REQUEST		Load Product Page - Casual Black-Blue	1700163986836	1700163986947	OK	 
REQUEST		Load Category Page - Unisex	1700163986948	1700163987063	OK	 
REQUEST		Load Product Page - Black and Red Glasses	1700163986956	1700163987065	OK	 
REQUEST		Load Category Page - All Products	1700163987065	1700163987179	OK	 
REQUEST		Load Product Page - Casual Black-Blue	1700163987207	1700163987313	OK	 
REQUEST		Load Category Page - All Products	1700163987314	1700163987422	OK	 
REQUEST		Load Product Page - Casual Black-Blue	1700163987448	1700163987576	OK	 
USER	Default Load Test	END	1700163987672
REQUEST		Load Category Page - For Her	1700163987576	1700163987688	OK	 
REQUEST		Load Product Page - Black and Red Glasses	1700163987609	1700163987717	OK	 
REQUEST		Load Category Page - For Her	1700163987718	1700163987825	OK	 
REQUEST		Load Product Page - Casual Black-Blue	1700163987968	1700163988074	OK	 
REQUEST		Load Product Page - Black and Red Glasses	1700163988048	1700163988159	OK	 
REQUEST		Load Home Page	1700163988075	1700163988182	OK	 
REQUEST		Load Category Page - All Products	1700163988160	1700163988271	OK	 
REQUEST		Load Product Page - Casual Black-Blue	1700163988674	1700163988784	OK	 
REQUEST		Load About Us Page	1700163988685	1700163988790	OK	 
REQUEST		Load Home Page	1700163988785	1700163988896	OK	 
REQUEST		Load Category Page - Unisex	1700163989086	1700163989195	OK	 
USER	Default Load Test	END	1700163989473
REQUEST		Load About Us Page	1700163989399	1700163989509	OK	 
REQUEST		Load Category Page - For Her	1700163989671	1700163989785	OK	 
REQUEST		Load Product Page - Black and Red Glasses	1700163990234	1700163990346	OK	 
REQUEST		Load Category Page - Unisex	1700163990347	1700163990459	OK	 
REQUEST		Load Product Page - Casual Black-Blue	1700163990946	1700163991160	OK	 
REQUEST		Load Category Page - Unisex	1700163991161	1700163991273	OK	 
USER	Default Load Test	END	1700163991275
