RUN	gatlingdemostore.DemostoreSimulation	demostoresimulation	1699939478474	test	3.5.0
USER	RecordedSimulation	START	1699939484308
USER	RecordedSimulation	START	1699939481341
USER	RecordedSimulation	START	1699939482815
USER	RecordedSimulation	START	1699939483316
USER	RecordedSimulation	START	1699939481813
USER	RecordedSimulation	START	1699939483807
USER	RecordedSimulation	START	1699939482314
USER	RecordedSimulation	START	1699939484807
REQUEST		Load Home Page	1699939483316	1699939484981	OK	 
REQUEST		Load Home Page	1699939483808	1699939484981	OK	 
REQUEST		Load Home Page	1699939482815	1699939484981	OK	 
REQUEST		Load Home Page	1699939481372	1699939484981	OK	 
REQUEST		Load Home Page	1699939482314	1699939484981	OK	 
REQUEST		Load Home Page	1699939484308	1699939484981	OK	 
REQUEST		Load Home Page	1699939481814	1699939484981	OK	 
REQUEST		Load Home Page	1699939484807	1699939485132	OK	 
USER	RecordedSimulation	START	1699939485308
REQUEST		Load Home Page	1699939485308	1699939485726	OK	 
USER	RecordedSimulation	START	1699939485808
REQUEST		Load Home Page	1699939485809	1699939486151	OK	 
REQUEST		Load About us Page	1699939487102	1699939487214	OK	 
REQUEST		Load About us Page	1699939487103	1699939487214	OK	 
REQUEST		Load About us Page	1699939487102	1699939487216	OK	 
REQUEST		Load About us Page	1699939487103	1699939487216	OK	 
REQUEST		Load About us Page	1699939487102	1699939487217	OK	 
REQUEST		Load About us Page	1699939487102	1699939487219	OK	 
REQUEST		Load About us Page	1699939487102	1699939487213	OK	 
REQUEST		Load About us Page	1699939487137	1699939487243	OK	 
REQUEST		Load About us Page	1699939487730	1699939487843	OK	 
REQUEST		Load About us Page	1699939488154	1699939488267	OK	 
REQUEST		Load Category Page - All Products	1699939489239	1699939489350	OK	 
REQUEST		Load Category Page - Unisex	1699939489239	1699939489361	OK	 
REQUEST		Load Category Page - Unisex	1699939489239	1699939489361	OK	 
REQUEST		Load Category Page - For Him	1699939489240	1699939489365	OK	 
REQUEST		Load Category Page - For Him	1699939489239	1699939489365	OK	 
REQUEST		Load Category Page - For Her	1699939489247	1699939489367	OK	 
REQUEST		Load Category Page - For Him	1699939489239	1699939489368	OK	 
REQUEST		Load Category Page - Unisex	1699939489240	1699939489373	OK	 
REQUEST		Load Category Page - For Him	1699939489847	1699939489965	OK	 
REQUEST		Load Category Page - Unisex	1699939490269	1699939490386	OK	 
REQUEST		Load Product Page - Black and Red Glasses	1699939491355	1699939491466	OK	 
REQUEST		Load Product Page - Black and Red Glasses	1699939491367	1699939491477	OK	 
REQUEST		Load Product Page - Black and Red Glasses	1699939491366	1699939491480	OK	 
REQUEST		Load Product Page - Black and Red Glasses	1699939491372	1699939491481	OK	 
REQUEST		Load Product Page - Casual Black-Blue	1699939491371	1699939491483	OK	 
REQUEST		Load Product Page - Casual Black-Blue	1699939491371	1699939491484	OK	 
REQUEST		Load Product Page - Casual Black-Blue	1699939491370	1699939491485	OK	 
REQUEST		Load Product Page - Casual Black-Blue	1699939491377	1699939491493	OK	 
REQUEST		Load Product Page - Black and Red Glasses	1699939491970	1699939492084	OK	 
REQUEST		Load Product Page - Casual Black-Blue	1699939492391	1699939492503	OK	 
REQUEST		Add Product to Cart	1699939493469	1699939493577	OK	 
REQUEST		Add Product to Cart	1699939493486	1699939493590	OK	 
REQUEST		Add Product to Cart	1699939493487	1699939493592	OK	 
REQUEST		Add Product to Cart	1699939493483	1699939493593	OK	 
REQUEST		Add Product to Cart	1699939493487	1699939493597	OK	 
REQUEST		Add Product to Cart	1699939493487	1699939493597	OK	 
REQUEST		Add Product to Cart	1699939493485	1699939493600	OK	 
REQUEST		Add Product to Cart	1699939493497	1699939493615	OK	 
REQUEST		Add Product to Cart	1699939494088	1699939494200	OK	 
REQUEST		Add Product to Cart	1699939494507	1699939494617	OK	 
REQUEST		View Cart	1699939495592	1699939495695	OK	 
REQUEST		View Cart	1699939495587	1699939495693	OK	 
REQUEST		View Cart	1699939495595	1699939495700	OK	 
REQUEST		View Cart	1699939495593	1699939495697	OK	 
REQUEST		View Cart	1699939495599	1699939495708	OK	 
REQUEST		View Cart	1699939495599	1699939495708	OK	 
REQUEST		View Cart	1699939495602	1699939495711	OK	 
REQUEST		View Cart	1699939495618	1699939495732	OK	 
REQUEST		View Cart Redirect 1	1699939495702	1699939495915	OK	 
REQUEST		View Cart Redirect 1	1699939495708	1699939495919	OK	 
REQUEST		View Cart Redirect 1	1699939495702	1699939495924	OK	 
REQUEST		View Cart Redirect 1	1699939495702	1699939495925	OK	 
REQUEST		View Cart Redirect 1	1699939495702	1699939495926	OK	 
REQUEST		View Cart Redirect 1	1699939495708	1699939495926	OK	 
REQUEST		View Cart Redirect 1	1699939495712	1699939495928	OK	 
REQUEST		View Cart Redirect 1	1699939495733	1699939495954	OK	 
REQUEST		View Cart	1699939496202	1699939496314	OK	 
REQUEST		View Cart Redirect 1	1699939496315	1699939496536	OK	 
REQUEST		View Cart	1699939496620	1699939496729	OK	 
REQUEST		View Cart Redirect 1	1699939496729	1699939496948	OK	 
REQUEST		Login User	1699939497929	1699939498037	OK	 
REQUEST		Login User	1699939497929	1699939498038	OK	 
REQUEST		Login User	1699939497929	1699939498038	OK	 
REQUEST		Login User	1699939497929	1699939498040	OK	 
REQUEST		Login User	1699939497929	1699939498041	OK	 
REQUEST		Login User	1699939497929	1699939498042	OK	 
REQUEST		Login User	1699939497931	1699939498043	OK	 
REQUEST		Login User	1699939497957	1699939498071	OK	 
REQUEST		Login User Redirect 1	1699939498041	1699939498147	OK	 
REQUEST		Login User Redirect 1	1699939498042	1699939498149	OK	 
REQUEST		Login User Redirect 1	1699939498043	1699939498152	OK	 
REQUEST		Login User Redirect 1	1699939498042	1699939498152	OK	 
REQUEST		Login User Redirect 1	1699939498039	1699939498153	OK	 
REQUEST		Login User Redirect 1	1699939498039	1699939498154	OK	 
REQUEST		Login User Redirect 1	1699939498039	1699939498156	OK	 
REQUEST		Login User Redirect 1	1699939498072	1699939498184	OK	 
REQUEST		Login User	1699939498539	1699939498652	OK	 
REQUEST		Login User Redirect 1	1699939498653	1699939498765	OK	 
REQUEST		Login User	1699939498951	1699939499062	OK	 
REQUEST		Login User Redirect 1	1699939499063	1699939499174	OK	 
REQUEST		Checkout	1699939500151	1699939500258	OK	 
REQUEST		Checkout	1699939500155	1699939500259	OK	 
REQUEST		Checkout	1699939500157	1699939500261	OK	 
REQUEST		Checkout	1699939500154	1699939500263	OK	 
REQUEST		Checkout	1699939500156	1699939500263	OK	 
REQUEST		Checkout	1699939500151	1699939500263	OK	 
REQUEST		Checkout	1699939500154	1699939500266	OK	 
REQUEST		Checkout	1699939500186	1699939500301	OK	 
REQUEST		Checkout Redirect 1	1699939500260	1699939500367	OK	 
REQUEST		Checkout Redirect 1	1699939500259	1699939500369	OK	 
REQUEST		Checkout Redirect 1	1699939500262	1699939500374	OK	 
USER	RecordedSimulation	END	1699939500375
USER	RecordedSimulation	END	1699939500375
USER	RecordedSimulation	END	1699939500375
REQUEST		Checkout Redirect 1	1699939500264	1699939500377	OK	 
USER	RecordedSimulation	END	1699939500378
REQUEST		Checkout Redirect 1	1699939500267	1699939500380	OK	 
REQUEST		Checkout Redirect 1	1699939500264	1699939500380	OK	 
USER	RecordedSimulation	END	1699939500381
USER	RecordedSimulation	END	1699939500381
REQUEST		Checkout Redirect 1	1699939500264	1699939500381	OK	 
USER	RecordedSimulation	END	1699939500382
REQUEST		Checkout Redirect 1	1699939500302	1699939500414	OK	 
USER	RecordedSimulation	END	1699939500416
REQUEST		Checkout	1699939500767	1699939500880	OK	 
REQUEST		Checkout Redirect 1	1699939500882	1699939500993	OK	 
USER	RecordedSimulation	END	1699939500995
REQUEST		Checkout	1699939501177	1699939501286	OK	 
REQUEST		Checkout Redirect 1	1699939501287	1699939501399	OK	 
USER	RecordedSimulation	END	1699939501400
