RUN	gatlingdemostore.DemostoreSimulation	demostoresimulation	1699948418013	 	3.5.0
USER	RecordedSimulation	START	1699948421909
USER	RecordedSimulation	START	1699948423410
USER	RecordedSimulation	START	1699948422910
USER	RecordedSimulation	START	1699948422409
USER	RecordedSimulation	START	1699948423906
USER	RecordedSimulation	START	1699948421426
USER	RecordedSimulation	START	1699948424406
USER	RecordedSimulation	START	1699948424906
USER	RecordedSimulation	START	1699948425405
REQUEST		Load Home Page	1699948423906	1699948425303	OK	 
REQUEST		Load Home Page	1699948422409	1699948425303	OK	 
REQUEST		Load Home Page	1699948421910	1699948425303	OK	 
REQUEST		Load Home Page	1699948421457	1699948425303	OK	 
REQUEST		Load Home Page	1699948422910	1699948425303	OK	 
REQUEST		Load Home Page	1699948423411	1699948425303	OK	 
REQUEST		Load Home Page	1699948424407	1699948425303	OK	 
REQUEST		Load Home Page	1699948424906	1699948425617	OK	 
USER	RecordedSimulation	START	1699948425905
REQUEST		Load Home Page	1699948425406	1699948426229	OK	 
REQUEST		Load Home Page	1699948425905	1699948427092	OK	 
REQUEST		Load About us Page	1699948427445	1699948427677	OK	 
REQUEST		Load About us Page	1699948427445	1699948427698	OK	 
REQUEST		Load About us Page	1699948427445	1699948427698	OK	 
REQUEST		Load About us Page	1699948427445	1699948427698	OK	 
REQUEST		Load About us Page	1699948427445	1699948427698	OK	 
REQUEST		Load About us Page	1699948427445	1699948427698	OK	 
REQUEST		Load About us Page	1699948427445	1699948427698	OK	 
REQUEST		Load About us Page	1699948427623	1699948427782	OK	 
REQUEST		Load About us Page	1699948428233	1699948428410	OK	 
REQUEST		Load About us Page	1699948429097	1699948429240	OK	 
REQUEST		Load Category Page - For Her	1699948429702	1699948430068	OK	 
REQUEST		Load Category Page - For Her	1699948429703	1699948430067	OK	 
REQUEST		Load Category Page - For Her	1699948429702	1699948430068	OK	 
REQUEST		Load Category Page - For Him	1699948429786	1699948430068	OK	 
REQUEST		Load Category Page - For Him	1699948429702	1699948430068	OK	 
REQUEST		Load Category Page - All Products	1699948429698	1699948430068	OK	 
REQUEST		Load Category Page - All Products	1699948429702	1699948430067	OK	 
REQUEST		Load Category Page - For Him	1699948429702	1699948430068	OK	 
REQUEST		Load Category Page - All Products	1699948430414	1699948430593	OK	 
REQUEST		Load Category Page - For Him	1699948431244	1699948431419	OK	 
REQUEST		Load Product Page - Black and Red Glasses	1699948432078	1699948432251	OK	 
REQUEST		Load Product Page - Black and Red Glasses	1699948432077	1699948432252	OK	 
REQUEST		Load Product Page - Casual Black-Blue	1699948432077	1699948432251	OK	 
REQUEST		Load Product Page - Black and Red Glasses	1699948432077	1699948432251	OK	 
REQUEST		Load Product Page - Casual Black-Blue	1699948432077	1699948432251	OK	 
REQUEST		Load Product Page - Casual Black-Blue	1699948432077	1699948432333	OK	 
REQUEST		Load Product Page - Casual Black-Blue	1699948432078	1699948432333	OK	 
REQUEST		Load Product Page - Casual Black-Blue	1699948432077	1699948432333	OK	 
REQUEST		Load Product Page - Black and Red Glasses	1699948432598	1699948432757	OK	 
REQUEST		Load Product Page - Casual Black-Blue	1699948433424	1699948433635	OK	 
REQUEST		Add Product to Cart	1699948434256	1699948434860	OK	 
REQUEST		Add Product to Cart	1699948434256	1699948434860	OK	 
REQUEST		Add Product to Cart	1699948434337	1699948434860	OK	 
REQUEST		Add Product to Cart	1699948434256	1699948434860	OK	 
REQUEST		Add Product to Cart	1699948434337	1699948434860	OK	 
REQUEST		Add Product to Cart	1699948434337	1699948434860	OK	 
REQUEST		Add Product to Cart	1699948434256	1699948434860	OK	 
REQUEST		Add Product to Cart	1699948434256	1699948434860	OK	 
REQUEST		Add Product to Cart	1699948434760	1699948434908	OK	 
REQUEST		Add Product to Cart	1699948435638	1699948435788	OK	 
REQUEST		View Cart	1699948436864	1699948437088	OK	 
REQUEST		View Cart	1699948436864	1699948437085	OK	 
REQUEST		View Cart	1699948436864	1699948437089	OK	 
REQUEST		View Cart	1699948436909	1699948437093	OK	 
REQUEST		View Cart	1699948436864	1699948437085	OK	 
REQUEST		View Cart	1699948436864	1699948437093	OK	 
REQUEST		View Cart	1699948436864	1699948437085	OK	 
REQUEST		View Cart	1699948436864	1699948437089	OK	 
REQUEST		View Cart	1699948436864	1699948437125	OK	 
REQUEST		View Cart Redirect 1	1699948437093	1699948437454	OK	 
REQUEST		View Cart Redirect 1	1699948437093	1699948437454	OK	 
REQUEST		View Cart Redirect 1	1699948437093	1699948437454	OK	 
REQUEST		View Cart Redirect 1	1699948437093	1699948437454	OK	 
REQUEST		View Cart Redirect 1	1699948437094	1699948437454	OK	 
REQUEST		View Cart Redirect 1	1699948437093	1699948437454	OK	 
REQUEST		View Cart Redirect 1	1699948437093	1699948437454	OK	 
REQUEST		View Cart Redirect 1	1699948437093	1699948437454	OK	 
REQUEST		View Cart Redirect 1	1699948437126	1699948437461	OK	 
REQUEST		View Cart	1699948437791	1699948437997	OK	 
REQUEST		View Cart Redirect 1	1699948437997	1699948438567	OK	 
REQUEST		Login User	1699948439469	1699948439678	OK	 
REQUEST		Login User	1699948439470	1699948439679	OK	 
REQUEST		Login User	1699948439469	1699948439678	OK	 
REQUEST		Login User	1699948439469	1699948439678	OK	 
REQUEST		Login User	1699948439469	1699948439679	OK	 
REQUEST		Login User	1699948439469	1699948439679	OK	 
REQUEST		Login User	1699948439469	1699948439679	OK	 
REQUEST		Login User	1699948439469	1699948439679	OK	 
REQUEST		Login User	1699948439469	1699948439678	OK	 
REQUEST		Login User Redirect 1	1699948439681	1699948439840	OK	 
REQUEST		Login User Redirect 1	1699948439681	1699948439900	OK	 
REQUEST		Login User Redirect 1	1699948439681	1699948439900	OK	 
REQUEST		Login User Redirect 1	1699948439681	1699948439900	OK	 
REQUEST		Login User Redirect 1	1699948439681	1699948439900	OK	 
REQUEST		Login User Redirect 1	1699948439681	1699948439900	OK	 
REQUEST		Login User Redirect 1	1699948439681	1699948439900	OK	 
REQUEST		Login User Redirect 1	1699948439681	1699948439900	OK	 
REQUEST		Login User Redirect 1	1699948439681	1699948439909	OK	 
REQUEST		Login User	1699948440570	1699948440692	OK	 
REQUEST		Login User Redirect 1	1699948440693	1699948441212	OK	 
REQUEST		Checkout	1699948441843	1699948442001	OK	 
REQUEST		Checkout	1699948441903	1699948442052	OK	 
REQUEST		Checkout	1699948441903	1699948442055	OK	 
REQUEST		Checkout	1699948441903	1699948442055	OK	 
REQUEST		Checkout	1699948441904	1699948442059	OK	 
REQUEST		Checkout	1699948441912	1699948442063	OK	 
REQUEST		Checkout	1699948441903	1699948442063	OK	 
REQUEST		Checkout	1699948441903	1699948442118	OK	 
REQUEST		Checkout	1699948441903	1699948442118	OK	 
REQUEST		Checkout Redirect 1	1699948442119	1699948442450	OK	 
REQUEST		Checkout Redirect 1	1699948442053	1699948442450	OK	 
REQUEST		Checkout Redirect 1	1699948442119	1699948442450	OK	 
USER	RecordedSimulation	END	1699948442455
USER	RecordedSimulation	END	1699948442455
USER	RecordedSimulation	END	1699948442455
REQUEST		Checkout Redirect 1	1699948442002	1699948442468	OK	 
REQUEST		Checkout Redirect 1	1699948442063	1699948442468	OK	 
REQUEST		Checkout Redirect 1	1699948442063	1699948442468	OK	 
REQUEST		Checkout Redirect 1	1699948442056	1699948442468	OK	 
REQUEST		Checkout Redirect 1	1699948442056	1699948442468	OK	 
REQUEST		Checkout Redirect 1	1699948442060	1699948442468	OK	 
USER	RecordedSimulation	END	1699948442470
USER	RecordedSimulation	END	1699948442470
USER	RecordedSimulation	END	1699948442470
USER	RecordedSimulation	END	1699948442470
USER	RecordedSimulation	END	1699948442470
USER	RecordedSimulation	END	1699948442471
REQUEST		Checkout	1699948443214	1699948443346	OK	 
REQUEST		Checkout Redirect 1	1699948443346	1699948443582	OK	 
USER	RecordedSimulation	END	1699948443583
