RUN	gatlingdemostore.DemostoreSimulation	demostoresimulation	1699948515047	 	3.5.0
USER	RecordedSimulation	START	1699948517903
REQUEST		Load Home Page	1699948517930	1699948522314	OK	 
REQUEST		Load About us Page	1699948524435	1699948524621	OK	 
REQUEST		Load Category Page - For Her	1699948526637	1699948526844	OK	 
REQUEST		Load Product Page - Casual Black-Blue	1699948528858	1699948529021	OK	 
REQUEST		Add Product to Cart	1699948531027	1699948531223	OK	 
REQUEST		View Cart	1699948533229	1699948533380	OK	 
REQUEST		View Cart Redirect 1	1699948533387	1699948534526	OK	 
REQUEST		Login User	1699948536540	1699948536681	OK	 
REQUEST		Login User Redirect 1	1699948536683	1699948536891	OK	 
REQUEST		Checkout	1699948538894	1699948539047	OK	 
REQUEST		Checkout Redirect 1	1699948539047	1699948539200	OK	 
USER	RecordedSimulation	END	1699948539211
USER	RecordedSimulation	START	1699948547883
REQUEST		Load Home Page	1699948547884	1699948549123	OK	 
REQUEST		Load About us Page	1699948551133	1699948551275	OK	 
REQUEST		Load Category Page - For Him	1699948553279	1699948553441	OK	 
REQUEST		Load Product Page - Casual Black-Blue	1699948555446	1699948555790	OK	 
REQUEST		Add Product to Cart	1699948557795	1699948557949	OK	 
REQUEST		View Cart	1699948559952	1699948560225	OK	 
REQUEST		View Cart Redirect 1	1699948560226	1699948561000	OK	 
REQUEST		Login User	1699948563003	1699948563288	OK	 
REQUEST		Login User Redirect 1	1699948563289	1699948563482	OK	 
REQUEST		Checkout	1699948565485	1699948565846	OK	 
REQUEST		Checkout Redirect 1	1699948565848	1699948566234	OK	 
USER	RecordedSimulation	END	1699948566235
USER	RecordedSimulation	START	1699948577881
REQUEST		Load Home Page	1699948577881	1699948578376	OK	 
REQUEST		Load About us Page	1699948580379	1699948580543	OK	 
REQUEST		Load Category Page - For Her	1699948582548	1699948582715	OK	 
REQUEST		Load Product Page - Casual Black-Blue	1699948584722	1699948584871	OK	 
REQUEST		Add Product to Cart	1699948586875	1699948587310	OK	 
REQUEST		View Cart	1699948589312	1699948589438	OK	 
REQUEST		View Cart Redirect 1	1699948589438	1699948590049	OK	 
REQUEST		Login User	1699948592053	1699948592195	OK	 
REQUEST		Login User Redirect 1	1699948592196	1699948592355	OK	 
REQUEST		Checkout	1699948594358	1699948594647	OK	 
REQUEST		Checkout Redirect 1	1699948594648	1699948595169	OK	 
USER	RecordedSimulation	END	1699948595170
USER	RecordedSimulation	START	1699948607882
REQUEST		Load Home Page	1699948607882	1699948608430	OK	 
REQUEST		Load About us Page	1699948610434	1699948610656	OK	 
REQUEST		Load Category Page - Unisex	1699948612660	1699948612803	OK	 
REQUEST		Load Product Page - Black and Red Glasses	1699948614809	1699948614961	OK	 
REQUEST		Add Product to Cart	1699948616966	1699948617432	OK	 
REQUEST		View Cart	1699948619433	1699948619731	OK	 
REQUEST		View Cart Redirect 1	1699948619731	1699948620641	OK	 
REQUEST		Login User	1699948622645	1699948622866	OK	 
REQUEST		Login User Redirect 1	1699948622868	1699948623182	OK	 
REQUEST		Checkout	1699948625185	1699948625637	OK	 
REQUEST		Checkout Redirect 1	1699948625638	1699948625863	OK	 
USER	RecordedSimulation	END	1699948625865
USER	RecordedSimulation	START	1699948637882
REQUEST		Load Home Page	1699948637883	1699948638963	OK	 
REQUEST		Load About us Page	1699948640967	1699948641172	OK	 
REQUEST		Load Category Page - For Him	1699948643175	1699948643492	OK	 
REQUEST		Load Product Page - Black and Red Glasses	1699948645497	1699948646349	OK	 
REQUEST		Add Product to Cart	1699948648353	1699948648607	OK	 
REQUEST		View Cart	1699948650608	1699948652412	OK	 
REQUEST		View Cart Redirect 1	1699948652414	1699948653827	OK	 
REQUEST		Login User	1699948655829	1699948656089	OK	 
REQUEST		Login User Redirect 1	1699948656089	1699948656502	OK	 
REQUEST		Checkout	1699948658505	1699948658654	OK	 
REQUEST		Checkout Redirect 1	1699948658655	1699948658944	OK	 
USER	RecordedSimulation	END	1699948658946
USER	RecordedSimulation	START	1699948667883
REQUEST		Load Home Page	1699948667883	1699948668758	OK	 
REQUEST		Load About us Page	1699948670762	1699948674349	OK	 
REQUEST		Load Category Page - For Him	1699948676352	1699948679082	OK	 
REQUEST		Load Product Page - Black and Red Glasses	1699948681087	1699948681462	OK	 
REQUEST		Add Product to Cart	1699948683465	1699948683719	OK	 
REQUEST		View Cart	1699948685721	1699948685891	OK	 
REQUEST		View Cart Redirect 1	1699948685891	1699948686324	OK	 
REQUEST		Login User	1699948688327	1699948688462	OK	 
REQUEST		Login User Redirect 1	1699948688463	1699948688765	OK	 
REQUEST		Checkout	1699948690768	1699948690904	OK	 
REQUEST		Checkout Redirect 1	1699948690904	1699948691235	OK	 
USER	RecordedSimulation	END	1699948691236
USER	RecordedSimulation	START	1699948697881
REQUEST		Load Home Page	1699948697882	1699948698644	OK	 
REQUEST		Load About us Page	1699948700647	1699948700927	OK	 
REQUEST		Load Category Page - For Her	1699948702931	1699948703135	OK	 
REQUEST		Load Product Page - Black and Red Glasses	1699948705139	1699948705390	OK	 
REQUEST		Add Product to Cart	1699948707394	1699948707547	OK	 
REQUEST		View Cart	1699948709548	1699948709838	OK	 
REQUEST		View Cart Redirect 1	1699948709839	1699948710282	OK	 
REQUEST		Login User	1699948712285	1699948712559	OK	 
REQUEST		Login User Redirect 1	1699948712560	1699948712796	OK	 
REQUEST		Checkout	1699948714799	1699948714950	OK	 
REQUEST		Checkout Redirect 1	1699948714951	1699948715178	OK	 
USER	RecordedSimulation	END	1699948715179
USER	RecordedSimulation	START	1699948727882
REQUEST		Load Home Page	1699948727883	1699948729916	OK	 
REQUEST		Load About us Page	1699948731922	1699948732363	OK	 
REQUEST		Load Category Page - All Products	1699948734366	1699948735018	OK	 
REQUEST		Load Product Page - Casual Black-Blue	1699948737022	1699948737277	OK	 
REQUEST		Add Product to Cart	1699948739280	1699948740717	OK	 
REQUEST		View Cart	1699948742720	1699948742889	OK	 
REQUEST		View Cart Redirect 1	1699948742889	1699948743686	OK	 
REQUEST		Login User	1699948745688	1699948745850	OK	 
REQUEST		Login User Redirect 1	1699948745851	1699948746401	OK	 
REQUEST		Checkout	1699948748405	1699948748544	OK	 
REQUEST		Checkout Redirect 1	1699948748544	1699948748765	OK	 
USER	RecordedSimulation	END	1699948748766
USER	RecordedSimulation	START	1699948757883
REQUEST		Load Home Page	1699948757883	1699948758652	OK	 
REQUEST		Load About us Page	1699948760655	1699948760819	OK	 
REQUEST		Load Category Page - All Products	1699948762822	1699948763146	OK	 
REQUEST		Load Product Page - Black and Red Glasses	1699948765151	1699948765603	OK	 
REQUEST		Add Product to Cart	1699948767606	1699948767782	OK	 
REQUEST		View Cart	1699948769784	1699948770036	OK	 
REQUEST		View Cart Redirect 1	1699948770036	1699948770825	OK	 
REQUEST		Login User	1699948772828	1699948772965	OK	 
REQUEST		Login User Redirect 1	1699948772966	1699948773184	OK	 
REQUEST		Checkout	1699948775188	1699948775420	OK	 
REQUEST		Checkout Redirect 1	1699948775420	1699948776515	OK	 
USER	RecordedSimulation	END	1699948776517
USER	RecordedSimulation	START	1699948787882
REQUEST		Load Home Page	1699948787883	1699948789270	OK	 
REQUEST		Load About us Page	1699948791274	1699948791839	OK	 
REQUEST		Load Category Page - All Products	1699948793843	1699948794334	OK	 
REQUEST		Load Product Page - Black and Red Glasses	1699948796338	1699948796547	OK	 
REQUEST		Add Product to Cart	1699948798551	1699948798750	OK	 
REQUEST		View Cart	1699948800752	1699948801167	OK	 
REQUEST		View Cart Redirect 1	1699948801168	1699948802409	OK	 
REQUEST		Login User	1699948804412	1699948804814	OK	 
REQUEST		Login User Redirect 1	1699948804815	1699948805205	OK	 
REQUEST		Checkout	1699948807208	1699948807341	OK	 
REQUEST		Checkout Redirect 1	1699948807342	1699948807696	OK	 
USER	RecordedSimulation	END	1699948807699
