RUN	gatlingdemostore.DemostoreSimulation	demostoresimulation	1700161478221	ok	3.5.0
USER	DemostoreSimulation	START	1700161481299
USER	DemostoreSimulation	START	1700161481299
USER	DemostoreSimulation	START	1700161481299
REQUEST		Load Home Page	1700161481337	1700161484477	OK	 
REQUEST		Load Home Page	1700161481337	1700161484477	OK	 
REQUEST		Load Home Page	1700161481337	1700161484477	OK	 
USER	DemostoreSimulation	START	1700161486286
REQUEST		Load Home Page	1700161486286	1700161486624	OK	 
REQUEST		Load About Us Page	1700161486593	1700161486722	OK	 
REQUEST		Load About Us Page	1700161486593	1700161487126	OK	 
REQUEST		Load About Us Page	1700161486593	1700161487259	OK	 
USER	DemostoreSimulation	START	1700161488286
REQUEST		Load Home Page	1700161488286	1700161488623	OK	 
REQUEST		Load About Us Page	1700161488629	1700161488741	OK	 
REQUEST		Load Category Page - All Products	1700161488742	1700161488858	OK	 
REQUEST		Load Category Page - For Him	1700161489130	1700161489242	OK	 
REQUEST		Load Category Page - For Him	1700161489262	1700161489378	OK	 
USER	DemostoreSimulation	START	1700161490285
REQUEST		Load Home Page	1700161490286	1700161490624	OK	 
REQUEST		Load About Us Page	1700161490629	1700161490744	OK	 
REQUEST		Load Category Page - All Products	1700161490744	1700161490857	OK	 
REQUEST		Load Product Page - Black and Red Glasses	1700161490869	1700161491044	OK	 
REQUEST		Add product to cart	1700161491047	1700161491157	OK	 
REQUEST		Load Product Page - Casual Black-Blue	1700161491248	1700161491363	OK	 
REQUEST		Add product to cart	1700161491366	1700161491477	OK	 
REQUEST		Load Product Page - Casual Black-Blue	1700161491385	1700161491503	OK	 
REQUEST		Add product to cart	1700161491505	1700161491613	OK	 
USER	DemostoreSimulation	START	1700161492286
REQUEST		Load Home Page	1700161492286	1700161492617	OK	 
REQUEST		Load About Us Page	1700161492630	1700161492742	OK	 
REQUEST		Load Category Page - For Him	1700161492747	1700161492864	OK	 
REQUEST		Load Product Page - Black and Red Glasses	1700161492863	1700161492970	OK	 
REQUEST		Add product to cart	1700161492972	1700161493078	OK	 
REQUEST		Load Login Page	1700161493162	1700161493296	OK	 
REQUEST		Customer Login Action	1700161493305	1700161493415	OK	 
REQUEST		Load Login Page	1700161493479	1700161493588	OK	 
REQUEST		Customer Login Action Redirect 1	1700161493426	1700161493653	OK	 
REQUEST		Customer Login Action	1700161493589	1700161493693	OK	 
REQUEST		Load Login Page	1700161493616	1700161493725	OK	 
REQUEST		Load Cart Page	1700161493654	1700161493763	OK	 
REQUEST		Customer Login Action	1700161493727	1700161493836	OK	 
REQUEST		Customer Login Action Redirect 1	1700161493694	1700161493922	OK	 
REQUEST		Load Cart Page	1700161493923	1700161494031	OK	 
REQUEST		Customer Login Action Redirect 1	1700161493836	1700161494055	OK	 
REQUEST		Load Cart Page	1700161494056	1700161494165	OK	 
USER	DemostoreSimulation	START	1700161494285
REQUEST		Load Home Page	1700161494286	1700161494634	OK	 
REQUEST		Load About Us Page	1700161494621	1700161494729	OK	 
REQUEST		Load Category Page - All Products	1700161494746	1700161494862	OK	 
REQUEST		Load Product Page - Casual Black-Blue	1700161494868	1700161494981	OK	 
REQUEST		Add product to cart	1700161494983	1700161495092	OK	 
REQUEST		Load Login Page	1700161495083	1700161495192	OK	 
REQUEST		Customer Login Action	1700161495193	1700161495298	OK	 
REQUEST		Customer Login Action Redirect 1	1700161495299	1700161495519	OK	 
REQUEST		Load Cart Page	1700161495520	1700161495629	OK	 
REQUEST		Checkout Cart	1700161495767	1700161495875	OK	 
REQUEST		Checkout Cart Redirect 1	1700161495876	1700161495989	OK	 
USER	DemostoreSimulation	END	1700161495997
REQUEST		Checkout Cart	1700161496037	1700161496143	OK	 
REQUEST		Checkout Cart Redirect 1	1700161496144	1700161496273	OK	 
USER	DemostoreSimulation	END	1700161496275
REQUEST		Checkout Cart	1700161496169	1700161496277	OK	 
USER	DemostoreSimulation	START	1700161496285
REQUEST		Checkout Cart Redirect 1	1700161496278	1700161496392	OK	 
USER	DemostoreSimulation	END	1700161496393
REQUEST		Load Home Page	1700161496286	1700161496621	OK	 
REQUEST		Load About Us Page	1700161496639	1700161496755	OK	 
REQUEST		Load Category Page - For Her	1700161496732	1700161496846	OK	 
REQUEST		Load Product Page - Black and Red Glasses	1700161496867	1700161496975	OK	 
REQUEST		Add product to cart	1700161496977	1700161497086	OK	 
REQUEST		Load Login Page	1700161497096	1700161497203	OK	 
REQUEST		Customer Login Action	1700161497204	1700161497392	OK	 
REQUEST		Customer Login Action Redirect 1	1700161497393	1700161497613	OK	 
REQUEST		Load Cart Page	1700161497613	1700161497722	OK	 
REQUEST		Checkout Cart	1700161497633	1700161497738	OK	 
REQUEST		Checkout Cart Redirect 1	1700161497739	1700161497852	OK	 
USER	DemostoreSimulation	END	1700161497853
USER	DemostoreSimulation	START	1700161498286
REQUEST		Load Home Page	1700161498286	1700161498618	OK	 
REQUEST		Load About Us Page	1700161498624	1700161498737	OK	 
REQUEST		Load Category Page - For Her	1700161498759	1700161498872	OK	 
REQUEST		Load Product Page - Black and Red Glasses	1700161498850	1700161498958	OK	 
REQUEST		Add product to cart	1700161498959	1700161499066	OK	 
REQUEST		Load Login Page	1700161499088	1700161499196	OK	 
REQUEST		Customer Login Action	1700161499197	1700161499302	OK	 
REQUEST		Customer Login Action Redirect 1	1700161499303	1700161499526	OK	 
REQUEST		Load Cart Page	1700161499526	1700161499635	OK	 
REQUEST		Checkout Cart	1700161499726	1700161499832	OK	 
REQUEST		Checkout Cart Redirect 1	1700161499833	1700161499945	OK	 
USER	DemostoreSimulation	END	1700161499946
USER	DemostoreSimulation	START	1700161500285
REQUEST		Load Home Page	1700161500286	1700161500617	OK	 
REQUEST		Load About Us Page	1700161500621	1700161500731	OK	 
REQUEST		Load Category Page - For Him	1700161500740	1700161500849	OK	 
REQUEST		Load Product Page - Casual Black-Blue	1700161500876	1700161500990	OK	 
REQUEST		Add product to cart	1700161500992	1700161501102	OK	 
REQUEST		Load Login Page	1700161501070	1700161501177	OK	 
REQUEST		Customer Login Action	1700161501178	1700161501283	OK	 
REQUEST		Customer Login Action Redirect 1	1700161501284	1700161501496	OK	 
REQUEST		Load Cart Page	1700161501497	1700161501605	OK	 
REQUEST		Checkout Cart	1700161501639	1700161501746	OK	 
REQUEST		Checkout Cart Redirect 1	1700161501747	1700161501860	OK	 
USER	DemostoreSimulation	END	1700161501861
USER	DemostoreSimulation	START	1700161502285
REQUEST		Load Home Page	1700161502285	1700161502614	OK	 
REQUEST		Load About Us Page	1700161502621	1700161502730	OK	 
REQUEST		Load Category Page - For Him	1700161502733	1700161502843	OK	 
REQUEST		Load Product Page - Black and Red Glasses	1700161502853	1700161502963	OK	 
REQUEST		Add product to cart	1700161502964	1700161503071	OK	 
REQUEST		Load Login Page	1700161503105	1700161503217	OK	 
REQUEST		Customer Login Action	1700161503217	1700161503433	OK	 
REQUEST		Customer Login Action Redirect 1	1700161503434	1700161503654	OK	 
REQUEST		Checkout Cart	1700161503607	1700161503713	OK	 
REQUEST		Load Cart Page	1700161503655	1700161503769	OK	 
REQUEST		Checkout Cart Redirect 1	1700161503714	1700161503821	OK	 
USER	DemostoreSimulation	END	1700161503823
USER	DemostoreSimulation	START	1700161504285
REQUEST		Load Home Page	1700161504286	1700161504616	OK	 
REQUEST		Load About Us Page	1700161504618	1700161504726	OK	 
REQUEST		Load Category Page - For Her	1700161504735	1700161504844	OK	 
REQUEST		Load Product Page - Black and Red Glasses	1700161504846	1700161504954	OK	 
REQUEST		Add product to cart	1700161504956	1700161505062	OK	 
REQUEST		Load Login Page	1700161505074	1700161505181	OK	 
REQUEST		Customer Login Action	1700161505182	1700161505378	OK	 
REQUEST		Customer Login Action Redirect 1	1700161505379	1700161505600	OK	 
REQUEST		Load Cart Page	1700161505601	1700161505712	OK	 
REQUEST		Checkout Cart	1700161505774	1700161505884	OK	 
REQUEST		Checkout Cart Redirect 1	1700161505885	1700161505999	OK	 
USER	DemostoreSimulation	END	1700161506000
REQUEST		Load About Us Page	1700161506619	1700161506879	OK	 
REQUEST		Load Category Page - Unisex	1700161506729	1700161506893	OK	 
REQUEST		Load Product Page - Casual Black-Blue	1700161506848	1700161506956	OK	 
REQUEST		Add product to cart	1700161506958	1700161507065	OK	 
REQUEST		Load Login Page	1700161507066	1700161507176	OK	 
REQUEST		Customer Login Action	1700161507177	1700161507323	OK	 
REQUEST		Customer Login Action Redirect 1	1700161507324	1700161507536	OK	 
REQUEST		Load Cart Page	1700161507537	1700161507646	OK	 
REQUEST		Checkout Cart	1700161507715	1700161507821	OK	 
REQUEST		Checkout Cart Redirect 1	1700161507821	1700161507935	OK	 
USER	DemostoreSimulation	END	1700161507936
REQUEST		Load Category Page - All Products	1700161508883	1700161508995	OK	 
REQUEST		Load Product Page - Black and Red Glasses	1700161508897	1700161509005	OK	 
REQUEST		Add product to cart	1700161509006	1700161509113	OK	 
REQUEST		Load Login Page	1700161509069	1700161509180	OK	 
REQUEST		Customer Login Action	1700161509181	1700161509287	OK	 
REQUEST		Customer Login Action Redirect 1	1700161509288	1700161509510	OK	 
REQUEST		Load Cart Page	1700161509511	1700161509621	OK	 
REQUEST		Checkout Cart	1700161509650	1700161509757	OK	 
REQUEST		Checkout Cart Redirect 1	1700161509758	1700161509866	OK	 
USER	DemostoreSimulation	END	1700161509867
REQUEST		Load Product Page - Casual Black-Blue	1700161510999	1700161511108	OK	 
REQUEST		Add product to cart	1700161511109	1700161511216	OK	 
REQUEST		Load Login Page	1700161511115	1700161511223	OK	 
REQUEST		Customer Login Action	1700161511224	1700161511330	OK	 
REQUEST		Customer Login Action Redirect 1	1700161511331	1700161511545	OK	 
REQUEST		Load Cart Page	1700161511547	1700161511657	OK	 
REQUEST		Checkout Cart	1700161511624	1700161511730	OK	 
REQUEST		Checkout Cart Redirect 1	1700161511731	1700161511842	OK	 
USER	DemostoreSimulation	END	1700161511844
REQUEST		Load Login Page	1700161513219	1700161513326	OK	 
REQUEST		Customer Login Action	1700161513327	1700161513433	OK	 
REQUEST		Customer Login Action Redirect 1	1700161513433	1700161513647	OK	 
REQUEST		Load Cart Page	1700161513648	1700161513756	OK	 
REQUEST		Checkout Cart	1700161513659	1700161513767	OK	 
REQUEST		Checkout Cart Redirect 1	1700161513767	1700161513874	OK	 
USER	DemostoreSimulation	END	1700161513876
REQUEST		Checkout Cart	1700161515759	1700161515866	OK	 
REQUEST		Checkout Cart Redirect 1	1700161515867	1700161515975	OK	 
USER	DemostoreSimulation	END	1700161515976
USER	DemostoreSimulation	START	1700161516284
REQUEST		Load Home Page	1700161516285	1700161516634	OK	 
USER	DemostoreSimulation	START	1700161517285
REQUEST		Load Home Page	1700161517286	1700161517612	OK	 
USER	DemostoreSimulation	START	1700161518285
REQUEST		Load Home Page	1700161518286	1700161518623	OK	 
REQUEST		Load About Us Page	1700161518638	1700161518760	OK	 
USER	DemostoreSimulation	START	1700161519285
REQUEST		Load Home Page	1700161519286	1700161519607	OK	 
REQUEST		Load About Us Page	1700161519614	1700161519722	OK	 
USER	DemostoreSimulation	START	1700161520283
REQUEST		Load Home Page	1700161520284	1700161520614	OK	 
REQUEST		Load About Us Page	1700161520626	1700161520745	OK	 
REQUEST		Load Category Page - For Him	1700161520763	1700161520877	OK	 
USER	DemostoreSimulation	START	1700161521285
REQUEST		Load Home Page	1700161521286	1700161521621	OK	 
REQUEST		Load About Us Page	1700161521611	1700161521720	OK	 
REQUEST		Load Category Page - For Him	1700161521725	1700161521832	OK	 
USER	DemostoreSimulation	START	1700161522285
REQUEST		Load Home Page	1700161522286	1700161522605	OK	 
REQUEST		Load About Us Page	1700161522618	1700161522728	OK	 
REQUEST		Load Category Page - For Her	1700161522748	1700161522861	OK	 
REQUEST		Load Product Page - Black and Red Glasses	1700161522879	1700161523094	OK	 
REQUEST		Add product to cart	1700161523095	1700161523206	OK	 
USER	DemostoreSimulation	START	1700161523285
REQUEST		Load Home Page	1700161523286	1700161523615	OK	 
REQUEST		Load About Us Page	1700161523625	1700161523739	OK	 
REQUEST		Load Category Page - All Products	1700161523722	1700161523830	OK	 
REQUEST		Load Product Page - Casual Black-Blue	1700161523836	1700161523942	OK	 
REQUEST		Add product to cart	1700161523944	1700161524049	OK	 
USER	DemostoreSimulation	START	1700161524284
REQUEST		Load Home Page	1700161524284	1700161524628	OK	 
REQUEST		Load About Us Page	1700161524609	1700161524717	OK	 
REQUEST		Load Category Page - For Her	1700161524731	1700161524844	OK	 
REQUEST		Load Product Page - Black and Red Glasses	1700161524866	1700161524980	OK	 
REQUEST		Add product to cart	1700161524982	1700161525092	OK	 
USER	DemostoreSimulation	START	1700161525284
REQUEST		Load Login Page	1700161525209	1700161525322	OK	 
REQUEST		Customer Login Action	1700161525323	1700161525433	OK	 
REQUEST		Load Home Page	1700161525285	1700161525606	OK	 
REQUEST		Customer Login Action Redirect 1	1700161525434	1700161525644	OK	 
REQUEST		Load About Us Page	1700161525619	1700161525730	OK	 
REQUEST		Load Cart Page	1700161525645	1700161525760	OK	 
REQUEST		Load Category Page - For Her	1700161525742	1700161525856	OK	 
REQUEST		Load Product Page - Black and Red Glasses	1700161525835	1700161525943	OK	 
REQUEST		Add product to cart	1700161525945	1700161526052	OK	 
REQUEST		Load Login Page	1700161526051	1700161526160	OK	 
REQUEST		Customer Login Action	1700161526161	1700161526265	OK	 
USER	DemostoreSimulation	START	1700161526285
REQUEST		Customer Login Action Redirect 1	1700161526266	1700161526481	OK	 
REQUEST		Load Cart Page	1700161526482	1700161526589	OK	 
REQUEST		Load Home Page	1700161526286	1700161526599	OK	 
REQUEST		Load About Us Page	1700161526632	1700161526744	OK	 
REQUEST		Load Category Page - For Him	1700161526720	1700161526829	OK	 
REQUEST		Load Product Page - Black and Red Glasses	1700161526848	1700161526960	OK	 
REQUEST		Add product to cart	1700161526961	1700161527071	OK	 
REQUEST		Load Login Page	1700161527094	1700161527206	OK	 
USER	DemostoreSimulation	START	1700161527284
REQUEST		Customer Login Action	1700161527206	1700161527316	OK	 
REQUEST		Customer Login Action Redirect 1	1700161527316	1700161527537	OK	 
REQUEST		Load Home Page	1700161527284	1700161527617	OK	 
REQUEST		Load Cart Page	1700161527538	1700161527657	OK	 
REQUEST		Load About Us Page	1700161527609	1700161527717	OK	 
REQUEST		Load Category Page - All Products	1700161527733	1700161527847	OK	 
REQUEST		Checkout Cart	1700161527764	1700161527875	OK	 
REQUEST		Load Product Page - Black and Red Glasses	1700161527860	1700161527973	OK	 
REQUEST		Checkout Cart Redirect 1	1700161527875	1700161527983	OK	 
USER	DemostoreSimulation	END	1700161527984
REQUEST		Add product to cart	1700161527974	1700161528086	OK	 
REQUEST		Load Login Page	1700161528055	1700161528164	OK	 
REQUEST		Customer Login Action	1700161528166	1700161528273	OK	 
USER	DemostoreSimulation	START	1700161528285
REQUEST		Customer Login Action Redirect 1	1700161528274	1700161528485	OK	 
REQUEST		Load Cart Page	1700161528487	1700161528596	OK	 
REQUEST		Load Home Page	1700161528285	1700161528600	OK	 
REQUEST		Checkout Cart	1700161528591	1700161528696	OK	 
REQUEST		Load About Us Page	1700161528600	1700161528707	OK	 
REQUEST		Checkout Cart Redirect 1	1700161528697	1700161528805	OK	 
USER	DemostoreSimulation	END	1700161528806
REQUEST		Load Category Page - All Products	1700161528747	1700161528861	OK	 
REQUEST		Load Product Page - Casual Black-Blue	1700161528833	1700161528942	OK	 
REQUEST		Add product to cart	1700161528944	1700161529050	OK	 
REQUEST		Load Login Page	1700161529074	1700161529186	OK	 
USER	DemostoreSimulation	START	1700161529285
REQUEST		Customer Login Action	1700161529187	1700161529296	OK	 
REQUEST		Customer Login Action Redirect 1	1700161529296	1700161529517	OK	 
REQUEST		Load Home Page	1700161529285	1700161529606	OK	 
REQUEST		Load Cart Page	1700161529519	1700161529633	OK	 
REQUEST		Load About Us Page	1700161529620	1700161529731	OK	 
REQUEST		Checkout Cart	1700161529660	1700161529770	OK	 
REQUEST		Load Category Page - All Products	1700161529719	1700161529830	OK	 
REQUEST		Checkout Cart Redirect 1	1700161529770	1700161529881	OK	 
USER	DemostoreSimulation	END	1700161529882
REQUEST		Load Product Page - Casual Black-Blue	1700161529850	1700161529961	OK	 
REQUEST		Add product to cart	1700161529962	1700161530072	OK	 
REQUEST		Load Login Page	1700161530089	1700161530201	OK	 
USER	DemostoreSimulation	START	1700161530285
REQUEST		Customer Login Action	1700161530202	1700161530314	OK	 
REQUEST		Customer Login Action Redirect 1	1700161530315	1700161530526	OK	 
REQUEST		Load Home Page	1700161530285	1700161530604	OK	 
REQUEST		Load Cart Page	1700161530527	1700161530640	OK	 
REQUEST		Checkout Cart	1700161530599	1700161530706	OK	 
REQUEST		Load About Us Page	1700161530603	1700161530709	OK	 
REQUEST		Checkout Cart Redirect 1	1700161530707	1700161530814	OK	 
USER	DemostoreSimulation	END	1700161530815
REQUEST		Load Category Page - For Him	1700161530709	1700161530817	OK	 
REQUEST		Load Product Page - Black and Red Glasses	1700161530864	1700161530976	OK	 
REQUEST		Add product to cart	1700161530977	1700161531087	OK	 
REQUEST		Load Login Page	1700161531053	1700161531159	OK	 
REQUEST		Customer Login Action	1700161531160	1700161531266	OK	 
USER	DemostoreSimulation	START	1700161531284
REQUEST		Customer Login Action Redirect 1	1700161531267	1700161531478	OK	 
REQUEST		Load Cart Page	1700161531480	1700161531590	OK	 
REQUEST		Load Home Page	1700161531284	1700161531615	OK	 
REQUEST		Load About Us Page	1700161531608	1700161531717	OK	 
REQUEST		Checkout Cart	1700161531636	1700161531746	OK	 
REQUEST		Load Category Page - All Products	1700161531733	1700161531849	OK	 
REQUEST		Checkout Cart Redirect 1	1700161531747	1700161531861	OK	 
USER	DemostoreSimulation	END	1700161531863
REQUEST		Load Product Page - Black and Red Glasses	1700161531834	1700161531942	OK	 
REQUEST		Add product to cart	1700161531942	1700161532049	OK	 
REQUEST		Load Login Page	1700161532075	1700161532188	OK	 
USER	DemostoreSimulation	START	1700161532285
REQUEST		Customer Login Action	1700161532189	1700161532298	OK	 
REQUEST		Customer Login Action Redirect 1	1700161532299	1700161532510	OK	 
REQUEST		Load Home Page	1700161532286	1700161532610	OK	 
REQUEST		Load Cart Page	1700161532511	1700161532625	OK	 
REQUEST		Load About Us Page	1700161532606	1700161532714	OK	 
REQUEST		Checkout Cart	1700161532643	1700161532755	OK	 
REQUEST		Load Category Page - For Him	1700161532712	1700161532822	OK	 
REQUEST		Checkout Cart Redirect 1	1700161532756	1700161532863	OK	 
USER	DemostoreSimulation	END	1700161532864
REQUEST		Load Product Page - Black and Red Glasses	1700161532820	1700161532927	OK	 
REQUEST		Add product to cart	1700161532928	1700161533034	OK	 
REQUEST		Load Login Page	1700161533090	1700161533204	OK	 
USER	DemostoreSimulation	START	1700161533286
REQUEST		Customer Login Action	1700161533205	1700161533316	OK	 
REQUEST		Customer Login Action Redirect 1	1700161533317	1700161533528	OK	 
REQUEST		Load Home Page	1700161533287	1700161533615	OK	 
REQUEST		Load Cart Page	1700161533529	1700161533641	OK	 
REQUEST		Checkout Cart	1700161533594	1700161533700	OK	 
REQUEST		Load About Us Page	1700161533619	1700161533730	OK	 
REQUEST		Checkout Cart Redirect 1	1700161533702	1700161533808	OK	 
USER	DemostoreSimulation	END	1700161533809
REQUEST		Load Category Page - For Her	1700161533718	1700161533827	OK	 
REQUEST		Load Product Page - Black and Red Glasses	1700161533852	1700161533965	OK	 
REQUEST		Add product to cart	1700161533966	1700161534078	OK	 
REQUEST		Load Login Page	1700161534052	1700161534159	OK	 
REQUEST		Customer Login Action	1700161534160	1700161534267	OK	 
USER	DemostoreSimulation	START	1700161534285
REQUEST		Customer Login Action Redirect 1	1700161534268	1700161534480	OK	 
REQUEST		Load Cart Page	1700161534482	1700161534594	OK	 
REQUEST		Load Home Page	1700161534285	1700161534602	OK	 
REQUEST		Load About Us Page	1700161534613	1700161534721	OK	 
REQUEST		Checkout Cart	1700161534628	1700161534737	OK	 
REQUEST		Load Category Page - All Products	1700161534717	1700161534828	OK	 
REQUEST		Checkout Cart Redirect 1	1700161534737	1700161534845	OK	 
USER	DemostoreSimulation	END	1700161534846
REQUEST		Load Product Page - Black and Red Glasses	1700161534825	1700161534932	OK	 
REQUEST		Add product to cart	1700161534934	1700161535039	OK	 
REQUEST		Load Login Page	1700161535037	1700161535143	OK	 
REQUEST		Customer Login Action	1700161535144	1700161535248	OK	 
USER	DemostoreSimulation	START	1700161535286
REQUEST		Customer Login Action Redirect 1	1700161535248	1700161535468	OK	 
REQUEST		Load Cart Page	1700161535469	1700161535575	OK	 
REQUEST		Load Home Page	1700161535286	1700161535615	OK	 
REQUEST		Load About Us Page	1700161535619	1700161535732	OK	 
REQUEST		Checkout Cart	1700161535644	1700161535755	OK	 
REQUEST		Load Category Page - For Her	1700161535731	1700161535845	OK	 
REQUEST		Checkout Cart Redirect 1	1700161535755	1700161535863	OK	 
USER	DemostoreSimulation	END	1700161535864
REQUEST		Load Product Page - Black and Red Glasses	1700161535836	1700161535943	OK	 
REQUEST		Add product to cart	1700161535944	1700161536052	OK	 
REQUEST		Load Login Page	1700161536081	1700161536193	OK	 
REQUEST		Customer Login Action	1700161536193	1700161536304	OK	 
REQUEST		Customer Login Action Redirect 1	1700161536304	1700161536517	OK	 
REQUEST		Load Cart Page	1700161536517	1700161536633	OK	 
REQUEST		Checkout Cart	1700161536598	1700161536705	OK	 
REQUEST		Load About Us Page	1700161536604	1700161536712	OK	 
REQUEST		Checkout Cart Redirect 1	1700161536705	1700161536816	OK	 
USER	DemostoreSimulation	END	1700161536817
REQUEST		Load Category Page - For Her	1700161536725	1700161536833	OK	 
REQUEST		Load Product Page - Casual Black-Blue	1700161536831	1700161536939	OK	 
REQUEST		Add product to cart	1700161536940	1700161537046	OK	 
REQUEST		Load Login Page	1700161537042	1700161537150	OK	 
REQUEST		Customer Login Action	1700161537151	1700161537257	OK	 
REQUEST		Customer Login Action Redirect 1	1700161537257	1700161537477	OK	 
REQUEST		Load Cart Page	1700161537478	1700161537588	OK	 
REQUEST		Checkout Cart	1700161537577	1700161537683	OK	 
REQUEST		Load About Us Page	1700161537618	1700161537730	OK	 
REQUEST		Checkout Cart Redirect 1	1700161537684	1700161537795	OK	 
USER	DemostoreSimulation	END	1700161537799
REQUEST		Load Category Page - All Products	1700161537735	1700161537847	OK	 
REQUEST		Load Product Page - Black and Red Glasses	1700161537847	1700161537959	OK	 
REQUEST		Add product to cart	1700161537960	1700161538070	OK	 
REQUEST		Load Login Page	1700161538054	1700161538161	OK	 
REQUEST		Customer Login Action	1700161538162	1700161538268	OK	 
REQUEST		Customer Login Action Redirect 1	1700161538269	1700161538489	OK	 
REQUEST		Load Cart Page	1700161538490	1700161538598	OK	 
REQUEST		Checkout Cart	1700161538636	1700161538746	OK	 
REQUEST		Load Category Page - Unisex	1700161538716	1700161538826	OK	 
REQUEST		Checkout Cart Redirect 1	1700161538747	1700161538855	OK	 
USER	DemostoreSimulation	END	1700161538856
REQUEST		Load Product Page - Black and Red Glasses	1700161538835	1700161538943	OK	 
REQUEST		Add product to cart	1700161538945	1700161539050	OK	 
REQUEST		Load Login Page	1700161539049	1700161539157	OK	 
REQUEST		Customer Login Action	1700161539157	1700161539273	OK	 
REQUEST		Customer Login Action Redirect 1	1700161539274	1700161539486	OK	 
REQUEST		Load Cart Page	1700161539486	1700161539595	OK	 
REQUEST		Checkout Cart	1700161539592	1700161539699	OK	 
REQUEST		Checkout Cart Redirect 1	1700161539700	1700161539812	OK	 
USER	DemostoreSimulation	END	1700161539814
REQUEST		Load Category Page - For Her	1700161539734	1700161539849	OK	 
REQUEST		Load Product Page - Black and Red Glasses	1700161539850	1700161539960	OK	 
REQUEST		Add product to cart	1700161539961	1700161540069	OK	 
REQUEST		Load Login Page	1700161540074	1700161540185	OK	 
REQUEST		Customer Login Action	1700161540186	1700161540399	OK	 
REQUEST		Customer Login Action Redirect 1	1700161540400	1700161540612	OK	 
REQUEST		Checkout Cart	1700161540602	1700161540709	OK	 
REQUEST		Load Cart Page	1700161540613	1700161540728	OK	 
REQUEST		Checkout Cart Redirect 1	1700161540710	1700161540821	OK	 
USER	DemostoreSimulation	END	1700161540822
REQUEST		Load Product Page - Black and Red Glasses	1700161540829	1700161540938	OK	 
REQUEST		Add product to cart	1700161540939	1700161541045	OK	 
REQUEST		Load Login Page	1700161541053	1700161541160	OK	 
REQUEST		Customer Login Action	1700161541160	1700161541265	OK	 
REQUEST		Customer Login Action Redirect 1	1700161541266	1700161541477	OK	 
REQUEST		Load Cart Page	1700161541478	1700161541586	OK	 
REQUEST		Checkout Cart	1700161541597	1700161541703	OK	 
REQUEST		Checkout Cart Redirect 1	1700161541704	1700161541812	OK	 
USER	DemostoreSimulation	END	1700161541814
REQUEST		Load Product Page - Casual Black-Blue	1700161541853	1700161541967	OK	 
REQUEST		Add product to cart	1700161541968	1700161542079	OK	 
REQUEST		Load Login Page	1700161542072	1700161542182	OK	 
REQUEST		Customer Login Action	1700161542183	1700161542291	OK	 
REQUEST		Customer Login Action Redirect 1	1700161542291	1700161542515	OK	 
REQUEST		Load Cart Page	1700161542516	1700161542630	OK	 
REQUEST		Checkout Cart	1700161542732	1700161542857	OK	 
REQUEST		Checkout Cart Redirect 1	1700161542857	1700161542965	OK	 
USER	DemostoreSimulation	END	1700161542966
REQUEST		Load Login Page	1700161543048	1700161543156	OK	 
REQUEST		Customer Login Action	1700161543157	1700161543263	OK	 
REQUEST		Customer Login Action Redirect 1	1700161543263	1700161543488	OK	 
REQUEST		Load Cart Page	1700161543488	1700161543596	OK	 
REQUEST		Checkout Cart	1700161543589	1700161543695	OK	 
REQUEST		Checkout Cart Redirect 1	1700161543695	1700161543803	OK	 
USER	DemostoreSimulation	END	1700161543805
REQUEST		Load Login Page	1700161544081	1700161544196	OK	 
REQUEST		Customer Login Action	1700161544197	1700161544306	OK	 
REQUEST		Customer Login Action Redirect 1	1700161544307	1700161544517	OK	 
REQUEST		Load Cart Page	1700161544518	1700161544632	OK	 
REQUEST		Checkout Cart	1700161544631	1700161544741	OK	 
REQUEST		Checkout Cart Redirect 1	1700161544742	1700161544853	OK	 
USER	DemostoreSimulation	END	1700161544855
REQUEST		Checkout Cart	1700161545599	1700161545709	OK	 
REQUEST		Checkout Cart Redirect 1	1700161545709	1700161545821	OK	 
USER	DemostoreSimulation	END	1700161545822
REQUEST		Checkout Cart	1700161546634	1700161546745	OK	 
REQUEST		Checkout Cart Redirect 1	1700161546746	1700161546853	OK	 
USER	DemostoreSimulation	END	1700161546854
